------Start of DE processing------ = [12/31/18 14:19:04:480 IRST]
Exception = com.sun.jersey.api.container.ContainerException
Source = com.ibm.ws.webcontainer.servlet.ServletWrapper.init
probeid = 181
Stack Dump = com.sun.jersey.api.container.ContainerException: The ResourceConfig instance does not contain any root resource classes.
	at com.sun.jersey.server.impl.application.RootResourceUriRules.<init>(RootResourceUriRules.java:99)
	at com.sun.jersey.server.impl.application.WebApplicationImpl._initiate(WebApplicationImpl.java:1298)
	at com.sun.jersey.server.impl.application.WebApplicationImpl.access$700(WebApplicationImpl.java:169)
	at com.sun.jersey.server.impl.application.WebApplicationImpl$13.f(WebApplicationImpl.java:775)
	at com.sun.jersey.server.impl.application.WebApplicationImpl$13.f(WebApplicationImpl.java:771)
	at com.sun.jersey.spi.inject.Errors.processWithErrors(Errors.java:193)
	at com.sun.jersey.server.impl.application.WebApplicationImpl.initiate(WebApplicationImpl.java:771)
	at com.sun.jersey.server.impl.application.WebApplicationImpl.initiate(WebApplicationImpl.java:766)
	at com.sun.jersey.spi.container.servlet.ServletContainer.initiate(ServletContainer.java:488)
	at com.sun.jersey.spi.container.servlet.ServletContainer$InternalWebComponent.initiate(ServletContainer.java:318)
	at com.sun.jersey.spi.container.servlet.WebComponent.load(WebComponent.java:609)
	at com.sun.jersey.spi.container.servlet.WebComponent.init(WebComponent.java:210)
	at com.sun.jersey.spi.container.servlet.ServletContainer.init(ServletContainer.java:373)
	at com.sun.jersey.spi.container.servlet.ServletContainer.init(ServletContainer.java:556)
	at javax.servlet.GenericServlet.init(GenericServlet.java:244)
	at com.ibm.ws.webcontainer.servlet.ServletWrapper.init(ServletWrapper.java:297)
	at com.ibm.ws.webcontainer.servlet.ServletWrapper.loadOnStartupCheck(ServletWrapper.java:1398)
	at com.ibm.ws.webcontainer.webapp.WebApp.doLoadOnStartupActions(WebApp.java:1145)
	at com.ibm.ws.webcontainer.webapp.WebApp.commonInitializationFinally(WebApp.java:1113)
	at com.ibm.ws.webcontainer.webapp.WebApp.initialize(WebApp.java:1014)
	at com.ibm.ws.webcontainer.webapp.WebApp.initialize(WebApp.java:6566)
	at com.ibm.ws.webcontainer.osgi.DynamicVirtualHost.startWebApp(DynamicVirtualHost.java:467)
	at com.ibm.ws.webcontainer.osgi.DynamicVirtualHost.startWebApplication(DynamicVirtualHost.java:462)
	at com.ibm.ws.webcontainer.osgi.WebContainer.startWebApplication(WebContainer.java:1132)
	at com.ibm.ws.webcontainer.osgi.WebContainer.access$000(WebContainer.java:108)
	at com.ibm.ws.webcontainer.osgi.WebContainer$3.run(WebContainer.java:944)
	at com.ibm.ws.threading.internal.ExecutorServiceImpl$RunnableWrapper.run(ExecutorServiceImpl.java:232)
	at java.util.concurrent.Executors$RunnableAdapter.call(Executors.java:511)
	at java.util.concurrent.FutureTask.run(FutureTask.java:266)
	at java.util.concurrent.ThreadPoolExecutor.runWorker(ThreadPoolExecutor.java:1149)
	at java.util.concurrent.ThreadPoolExecutor$Worker.run(ThreadPoolExecutor.java:624)
	at java.lang.Thread.run(Thread.java:748)

Dump of callerThis
Object type = com.ibm.ws.webcontainer.osgi.servlet.ServletWrapper
  serialVersionUID = 1
  _mo = class com.ibm.ws.managedobject.internal.ManagedObjectImpl@79c3a6f0
    object = "<sensitive com.sun.jersey.spi.container.servlet.ServletContainer@11d9c60b>"
    serialVersionUID = 316670419635262281
    $$$tc$$$ = class com.ibm.websphere.ras.TraceComponent@65088f78
      strings[0] = "TraceComponent[com.ibm.ws.managedobject.internal.ManagedObjectImpl,class com.ibm.ws.managedobject.internal.ManagedObjectImpl,[],null,null]"
  serialVersionUID = -4479626085298397598
  notifyInvocationListeners = false
  UNINITIALIZED_STATE = -1
  AVAILABLE_STATE = 0
  UNAVAILABLE_STATE = 1
  UNAVAILABLE_PERMANENTLY_STATE = 2
  collabHelper = class com.ibm.ws.webcontainer.osgi.collaborator.CollaboratorHelperImpl@1897d3bf
    webAppInvCollabs = class java.util.Collections$UnmodifiableSet@4db9b25e
      serialVersionUID = -9215047833775013803
      serialVersionUID = 1820017752578914078
      c = class java.util.concurrent.CopyOnWriteArraySet@7a9ff750
    securityDomainForApp = null
    logger = class com.ibm.ws.logging.internal.WsLogger@65514cc9
      tc = class com.ibm.websphere.ras.TraceComponent@6993be9e
      ivCachedResourceBundleName = null
      ivCachedResourceBundle = null
      ivComponent = null
      ivOrganization = null
      ivProduct = null
      ivMinimumLocalizationLevelIntValue = 625
      ivTC = class com.ibm.websphere.ras.TraceComponent@d4bc259
      loggerRegistrationComponent = class java.lang.ThreadLocal@c22defa
      emptyHandlers = class java.util.logging.Handler[0]
      offValue = 2147483647
      SYSTEM_LOGGER_RB_NAME = "sun.util.logging.resources.logging"
      SYSTEM_BUNDLE = class java.util.logging.Logger$LoggerBundle@a9787ec
      NO_RESOURCE_BUNDLE = class java.util.logging.Logger$LoggerBundle@1eb9d3e4
      manager = class com.ibm.ws.kernel.boot.logging.WsLogManager@4760bc7
      name = "com.ibm.ws.webcontainer.collaborator"
      handlers = class java.util.concurrent.CopyOnWriteArrayList@4eb09b32
      loggerBundle = class java.util.logging.Logger$LoggerBundle@5e17c964
      useParentHandlers = true
      filter = null
      anonymous = false
      catalog = class com.ibm.ws.webcontainer.resources.Messages@44f99e3e
      catalogName = "com.ibm.ws.webcontainer.resources.Messages"
      catalogLocale = class java.util.Locale@10309718
      treeLock = class java.lang.Object@7233d08c
      parent = class com.ibm.ws.logging.internal.WsLogger@5450e044
      kids = null
      levelObject = class java.util.logging.Level@14ff55f7
      levelValue = 800
      callersClassLoaderRef = class java.lang.ref.WeakReference@2baf7a1d
      isSystemLogger = false
      GLOBAL_LOGGER_NAME = "global"
      global = class java.util.logging.Logger@3fb90004
      $assertionsDisabled = true
    staticDefaultSecurityCollaborator = class com.ibm.ws.webcontainer.collaborator.WebAppSecurityCollaborator@129fd947
    logger = class com.ibm.ws.logging.internal.WsLogger@7e089fd7
      tc = class com.ibm.websphere.ras.TraceComponent@6993be9e
      ivCachedResourceBundleName = null
      ivCachedResourceBundle = null
      ivComponent = null
      ivOrganization = null
      ivProduct = null
      ivMinimumLocalizationLevelIntValue = 625
      ivTC = class com.ibm.websphere.ras.TraceComponent@7aefaffc
      loggerRegistrationComponent = class java.lang.ThreadLocal@c22defa
      emptyHandlers = class java.util.logging.Handler[0]
      offValue = 2147483647
      SYSTEM_LOGGER_RB_NAME = "sun.util.logging.resources.logging"
      SYSTEM_BUNDLE = class java.util.logging.Logger$LoggerBundle@a9787ec
      NO_RESOURCE_BUNDLE = class java.util.logging.Logger$LoggerBundle@1eb9d3e4
      manager = class com.ibm.ws.kernel.boot.logging.WsLogManager@4760bc7
      name = "com.ibm.wsspi.webcontainer.collaborator"
      handlers = class java.util.concurrent.CopyOnWriteArrayList@48207cb9
      loggerBundle = class java.util.logging.Logger$LoggerBundle@7167c23c
      useParentHandlers = true
      filter = null
      anonymous = false
      catalog = class com.ibm.ws.webcontainer.resources.Messages@44f99e3e
      catalogName = "com.ibm.ws.webcontainer.resources.Messages"
      catalogLocale = class java.util.Locale@10309718
      treeLock = class java.lang.Object@7233d08c
      parent = class java.util.logging.Logger@7c4526e5
      kids = null
      levelObject = class java.util.logging.Level@14ff55f7
      levelValue = 800
      callersClassLoaderRef = class java.lang.ref.WeakReference@4a9ac291
      isSystemLogger = false
      GLOBAL_LOGGER_NAME = "global"
      global = class java.util.logging.Logger@3fb90004
      $assertionsDisabled = true
    CLASS_NAME = "com.ibm.wsspi.webcontainer.collaborator.CollaboratorHelper"
    webApp = class com.ibm.ws.webcontainer40.osgi.webapp.WebApp40@7202f6b3
    securityCollaborator = class com.ibm.ws.webcontainer.collaborator.WebAppSecurityCollaborator@129fd947
    nameSpaceCollaborator = class com.ibm.ws.webcontainer.osgi.collaborator.WebAppNameSpaceCollaboratorImpl@6ca28a1c
    transactionCollaborator = class com.ibm.ws.webcontainer.collaborator.WebAppTransactionCollaborator@f2ec611
    connectionCollaborator = class com.ibm.ws.webcontainer.collaborator.ConnectionCollaborator@68488ec2
    allCollabEnum = class java.util.RegularEnumSet@11d0a3db
      serialVersionUID = 3411599620347842686
      elements = 511
      elementType = class java.lang.Class@4aa56e89
      universe = class com.ibm.wsspi.webcontainer.collaborator.CollaboratorInvocationEnum[9]
      ZERO_LENGTH_ENUM_ARRAY = class java.lang.Enum[0]
      MAX_ARRAY_SIZE = 2147483639
    servlet_23_or_greater = true
    DEFER_SERVLET_REQUEST_LISTENER_DESTROY_ON_ERROR = false
  nServicing = class java.util.concurrent.atomic.AtomicInteger@2731718b
    serialVersionUID = 6214790243416807050
    unsafe = class sun.misc.Unsafe@3ce615d9
      theUnsafe = class sun.misc.Unsafe@3ce615d9
      INVALID_FIELD_OFFSET = -1
      ARRAY_BOOLEAN_BASE_OFFSET = 16
      ARRAY_BYTE_BASE_OFFSET = 16
      ARRAY_SHORT_BASE_OFFSET = 16
      ARRAY_CHAR_BASE_OFFSET = 16
      ARRAY_INT_BASE_OFFSET = 16
      ARRAY_LONG_BASE_OFFSET = 16
      ARRAY_FLOAT_BASE_OFFSET = 16
      ARRAY_DOUBLE_BASE_OFFSET = 16
      ARRAY_OBJECT_BASE_OFFSET = 16
      ARRAY_BOOLEAN_INDEX_SCALE = 1
      ARRAY_BYTE_INDEX_SCALE = 1
      ARRAY_SHORT_INDEX_SCALE = 2
      ARRAY_CHAR_INDEX_SCALE = 2
      ARRAY_INT_INDEX_SCALE = 4
      ARRAY_LONG_INDEX_SCALE = 8
      ARRAY_FLOAT_INDEX_SCALE = 4
      ARRAY_DOUBLE_INDEX_SCALE = 8
      ARRAY_OBJECT_INDEX_SCALE = 4
      ADDRESS_SIZE = 8
    valueOffset = 12
    value = 0
    serialVersionUID = -8742448824652078965
  lastAccessTime = 1546253342240
  state = -1
  logger = class com.ibm.ws.logging.internal.WsLogger@3c8be66e
    tc = class com.ibm.websphere.ras.TraceComponent@6993be9e
      strings[0] = "TraceComponent[com.ibm.ws.logging.internal.WsLogger,class com.ibm.ws.logging.internal.WsLogger,[logging],com.ibm.ws.logging.internal.resources.LoggingMessages,null]"
    ivCachedResourceBundleName = null
    ivCachedResourceBundle = null
    ivComponent = null
    ivOrganization = null
    ivProduct = null
    ivMinimumLocalizationLevelIntValue = 625
    ivTC = class com.ibm.websphere.ras.TraceComponent@389fb20e
      strings[0] = "TraceComponent[com.ibm.ws.webcontainer.servlet,class com.ibm.wsspi.webcontainer.logging.LoggerFactory$1,[com.ibm.ws.webcontainer.servlet],null,null]"
    loggerRegistrationComponent = class java.lang.ThreadLocal@c22defa
      threadLocalHashCode = 1823378925
      nextHashCode = class java.util.concurrent.atomic.AtomicInteger@1d41165f
      HASH_INCREMENT = 1640531527
    emptyHandlers = class java.util.logging.Handler[0]
    offValue = 2147483647
    SYSTEM_LOGGER_RB_NAME = "sun.util.logging.resources.logging"
    SYSTEM_BUNDLE = class java.util.logging.Logger$LoggerBundle@a9787ec
      resourceBundleName = "sun.util.logging.resources.logging"
      userBundle = null
    NO_RESOURCE_BUNDLE = class java.util.logging.Logger$LoggerBundle@1eb9d3e4
      resourceBundleName = null
      userBundle = null
    manager = class com.ibm.ws.kernel.boot.logging.WsLogManager@4760bc7
      CLASS_NAME = "com.ibm.ws.kernel.boot.logging.WsLogManager"
      CONFIGURE_BY_SERVER_PROPERTY_NAME = "java.util.logging.configureByServer"
      CONFIGURE_BY_LOGGING_PROPERTIES_FILE = "java.util.logging.configureByLoggingPropertiesFile"
      configureByServer = true
      configureByLoggingProperties = false
      wsLogger = class java.lang.reflect.Constructor@5ceb86fb
      resetEnabled = true
      svBinaryLoggingEnable = false
      manager = class com.ibm.ws.kernel.boot.logging.WsLogManager@4760bc7
      props = class java.util.Properties@738ef983
      defaultLevel = class java.util.logging.Level@14ff55f7
      listenerMap = class java.util.HashMap@6d5e57c9
      systemContext = class java.util.logging.LogManager$SystemLoggerContext@6d02d8c7
      userContext = class java.util.logging.LogManager$LoggerContext@3b8f050b
      rootLogger = class java.util.logging.LogManager$RootLogger@3f49b118
      readPrimordialConfiguration = true
      initializedGlobalHandlers = true
      deathImminent = false
      initializedCalled = true
      initializationDone = true
      contextsMap = null
      loggerRefQueue = class java.lang.ref.ReferenceQueue@20364927
      MAX_ITERATIONS = 400
      controlPermission = class java.util.logging.LoggingPermission@5b097906
      loggingMXBean = null
      LOGGING_MXBEAN_NAME = "java.util.logging:type=Logging"
      $assertionsDisabled = true
    name = "com.ibm.ws.webcontainer.servlet"
    handlers = class java.util.concurrent.CopyOnWriteArrayList@424404a6
      serialVersionUID = 8673264195747942595
      lock = class java.util.concurrent.locks.ReentrantLock@95233a8
      array = class java.lang.Object[0]
      UNSAFE = class sun.misc.Unsafe@3ce615d9
      lockOffset = 12
    loggerBundle = class java.util.logging.Logger$LoggerBundle@745a43e5
      resourceBundleName = "com.ibm.ws.webcontainer.resources.Messages"
      userBundle = null
    useParentHandlers = true
    filter = null
    anonymous = false
    catalog = class com.ibm.ws.webcontainer.resources.Messages@24ac8879
      resources = class [Ljava.lang.Object;[334]
      lookup = class java.util.HashMap@771e9e85
      INITIAL_CACHE_SIZE = 32
      NONEXISTENT_BUNDLE = class java.util.ResourceBundle$1@51c26d0b
      cacheList = class java.util.concurrent.ConcurrentHashMap@44a5c638
      referenceQueue = class java.lang.ref.ReferenceQueue@53dabfb0
      parent = null
      locale = class java.util.Locale@2295c268
      name = "com.ibm.ws.webcontainer.resources.Messages"
      expired = false
      cacheKey = class java.util.ResourceBundle$CacheKey@4421c94d
      keySet = null
      providers = null
      $assertionsDisabled = true
    catalogName = "com.ibm.ws.webcontainer.resources.Messages"
    catalogLocale = class java.util.Locale@10309718
      LOCALECACHE = class java.util.Locale$Cache@6c1c3d77
      ENGLISH = class java.util.Locale@5a5d685f
      FRENCH = class java.util.Locale@27e1272
      GERMAN = class java.util.Locale@76c19af0
      ITALIAN = class java.util.Locale@7b3be6da
      JAPANESE = class java.util.Locale@4a956672
      KOREAN = class java.util.Locale@388a10d0
      CHINESE = class java.util.Locale@42e61b2b
      SIMPLIFIED_CHINESE = class java.util.Locale@664f289b
      TRADITIONAL_CHINESE = class java.util.Locale@78864d6
      FRANCE = class java.util.Locale@6fece867
      GERMANY = class java.util.Locale@1da189f2
      ITALY = class java.util.Locale@235612d
      JAPAN = class java.util.Locale@465f1b69
      KOREA = class java.util.Locale@4e787c15
      CHINA = class java.util.Locale@664f289b
      PRC = class java.util.Locale@664f289b
      TAIWAN = class java.util.Locale@78864d6
      UK = class java.util.Locale@5f078231
      US = class java.util.Locale@10309718
      CANADA = class java.util.Locale@7692acf5
      CANADA_FRENCH = class java.util.Locale@4828751d
      ROOT = class java.util.Locale@2295c268
      PRIVATE_USE_EXTENSION = x
      UNICODE_LOCALE_EXTENSION = u
      serialVersionUID = 9149081749638150636
      DISPLAY_LANGUAGE = 0
      DISPLAY_COUNTRY = 1
      DISPLAY_VARIANT = 2
      DISPLAY_SCRIPT = 3
      baseLocale = class sun.util.locale.BaseLocale@453d30d9
      localeExtensions = null
      hashCodeValue = 96636889
      defaultLocale = class java.util.Locale@10309718
      defaultDisplayLocale = null
      defaultFormatLocale = class java.util.Locale@10309718
      languageTag = "en-US"
      serialPersistentFields = class java.io.ObjectStreamField[6]
      isoLanguages = null
      isoCountries = null
      $assertionsDisabled = true
    treeLock = class java.lang.Object@7233d08c
    parent = class com.ibm.ws.logging.internal.WsLogger@5450e044
      tc = class com.ibm.websphere.ras.TraceComponent@6993be9e
      ivCachedResourceBundleName = "com.ibm.ws.webcontainer.resources.Messages"
      ivCachedResourceBundle = class com.ibm.ws.webcontainer.resources.Messages@24ac8879
      ivComponent = null
      ivOrganization = null
      ivProduct = null
      ivMinimumLocalizationLevelIntValue = 625
      ivTC = class com.ibm.websphere.ras.TraceComponent@43768a66
      loggerRegistrationComponent = class java.lang.ThreadLocal@c22defa
      emptyHandlers = class java.util.logging.Handler[0]
      offValue = 2147483647
      SYSTEM_LOGGER_RB_NAME = "sun.util.logging.resources.logging"
      SYSTEM_BUNDLE = class java.util.logging.Logger$LoggerBundle@a9787ec
      NO_RESOURCE_BUNDLE = class java.util.logging.Logger$LoggerBundle@1eb9d3e4
      manager = class com.ibm.ws.kernel.boot.logging.WsLogManager@4760bc7
      name = "com.ibm.ws.webcontainer"
      handlers = class java.util.concurrent.CopyOnWriteArrayList@4a9b21e0
      loggerBundle = class java.util.logging.Logger$LoggerBundle@214b0ac5
      useParentHandlers = true
      filter = null
      anonymous = false
      catalog = class com.ibm.ws.webcontainer.resources.Messages@24ac8879
      catalogName = "com.ibm.ws.webcontainer.resources.Messages"
      catalogLocale = class java.util.Locale@10309718
      treeLock = class java.lang.Object@7233d08c
      parent = class java.util.logging.Logger@7c4526e5
      kids = class java.util.ArrayList@7aa3f95c
      levelObject = class java.util.logging.Level@14ff55f7
      levelValue = 800
      callersClassLoaderRef = class java.lang.ref.WeakReference@69a453c9
      isSystemLogger = false
      GLOBAL_LOGGER_NAME = "global"
      global = class java.util.logging.Logger@3fb90004
      $assertionsDisabled = true
    kids = null
    levelObject = class java.util.logging.Level@14ff55f7
      defaultBundle = "sun.util.logging.resources.logging"
      name = "INFO"
      value = 800
      resourceBundleName = "sun.util.logging.resources.logging"
      localizedLevelName = "INFO"
      cachedLocale = class java.util.Locale@10309718
      OFF = class java.util.logging.Level@471fbb6a
      SEVERE = class java.util.logging.Level@df634
      WARNING = class java.util.logging.Level@4da5bf37
      INFO = class java.util.logging.Level@14ff55f7
      CONFIG = class java.util.logging.Level@5da1e9f2
      FINE = class java.util.logging.Level@675fddc7
      FINER = class java.util.logging.Level@88c2b4e
      FINEST = class java.util.logging.Level@6830616f
      ALL = class java.util.logging.Level@3a0cfbe2
      serialVersionUID = -8176160795706313070
    levelValue = 800
    callersClassLoaderRef = class java.lang.ref.WeakReference@639827
      referent = class org.eclipse.osgi.internal.loader.EquinoxClassLoader@612994fb
      queue = class java.lang.ref.ReferenceQueue$Null@7be22302
      next = null
      discovered = null
      lock = class java.lang.ref.Reference$Lock@528161c3
      pending = null
    isSystemLogger = false
    GLOBAL_LOGGER_NAME = "global"
    global = class java.util.logging.Logger@3fb90004
      emptyHandlers = class java.util.logging.Handler[0]
      offValue = 2147483647
      SYSTEM_LOGGER_RB_NAME = "sun.util.logging.resources.logging"
      SYSTEM_BUNDLE = class java.util.logging.Logger$LoggerBundle@a9787ec
      NO_RESOURCE_BUNDLE = class java.util.logging.Logger$LoggerBundle@1eb9d3e4
      manager = class com.ibm.ws.kernel.boot.logging.WsLogManager@4760bc7
      name = "global"
      handlers = class java.util.concurrent.CopyOnWriteArrayList@6ade2b55
      loggerBundle = class java.util.logging.Logger$LoggerBundle@1eb9d3e4
      useParentHandlers = true
      filter = null
      anonymous = false
      catalog = null
      catalogName = null
      catalogLocale = null
      treeLock = class java.lang.Object@7233d08c
      parent = class java.util.logging.Logger@7c4526e5
      kids = null
      levelObject = null
      levelValue = 800
      callersClassLoaderRef = null
      isSystemLogger = true
      GLOBAL_LOGGER_NAME = "global"
      global = class java.util.logging.Logger@3fb90004
      $assertionsDisabled = true
    $assertionsDisabled = true
  CLASS_NAME = "com.ibm.ws.webcontainer.servlet.ServletWrapper"
  nls = class com.ibm.ejs.ras.TraceNLS@78bf4740
    resolver = class com.ibm.ws.logging.internal.TraceNLSResolver@53bd8a1b
      tc = class com.ibm.websphere.ras.TraceComponent@71bc1ae4
      DEBUG_TRACE_NLS_PROPERTY = "com.ibm.ejs.ras.debugTraceNLSResolver"
      debugTraceNLSResolver = false
      makeNoise = false
      nullKey = "null"
      svNullBundleName = "Resource Bundle name is null, key = {0}"
      svBundleNotLoaded = "Unable to load ResourceBundle {0}"
      svNullKeyMessage = "Null key passed while using ResourceBundle {0}"
      svMalformedMessage = "No message text associated with key {0} in bundle {1}"
    finder = null
    ivBundleName = "com.ibm.ws.webcontainer.resources.Messages"
    caller = class java.lang.Class@7c071ee9
      ANNOTATION = 8192
      ENUM = 16384
      SYNTHETIC = 4096
      cachedConstructor = null
      newInstanceCallerCache = null
      name = null
      allPermDomain = class java.security.ProtectionDomain@1040611a
      useCaches = true
      reflectionData = class java.lang.ref.SoftReference@1582d741
      classRedefinedCount = 0
      genericInfo = null
      serialVersionUID = 3206093459760846163
      serialPersistentFields = class java.io.ObjectStreamField[0]
      reflectionFactory = class sun.reflect.ReflectionFactory@20eb6710
      initted = true
      enumConstants = null
      enumConstantDirectory = null
      annotationData = class java.lang.Class$AnnotationData@10a287d6
      annotationType = null
      classValueMap = null
  servletConfig = class com.ibm.ws.webcontainer.servlet.ServletConfig@5e9379c3
    logger = class com.ibm.ws.logging.internal.WsLogger@3c8be66e
    CLASS_NAME = "com.ibm.ws.webcontainer.servlet.ServletConfig"
    nls = class com.ibm.ejs.ras.TraceNLS@5e43e246
      resolver = class com.ibm.ws.logging.internal.TraceNLSResolver@53bd8a1b
      finder = null
      ivBundleName = "com.ibm.ws.webcontainer.resources.Messages"
      caller = class java.lang.Class@3803c00c
    liberty_nls = class com.ibm.ejs.ras.TraceNLS@1cf0d66b
      resolver = class com.ibm.ws.logging.internal.TraceNLSResolver@53bd8a1b
      finder = null
      ivBundleName = "com.ibm.ws.webcontainer.resources.LShimMessages"
      caller = class java.lang.Class@3803c00c
    enabled = true
    servletName = "jersey-serlvet"
    className = "com.sun.jersey.spi.container.servlet.ServletContainer"
    mappings = class java.util.ArrayList@4d9d2017
      serialVersionUID = 8683452581122892189
      DEFAULT_CAPACITY = 10
      EMPTY_ELEMENTDATA = class java.lang.Object[0]
      DEFAULTCAPACITY_EMPTY_ELEMENTDATA = class java.lang.Object[0]
      elementData = class java.lang.Object[10]
      size = 1
      MAX_ARRAY_SIZE = 2147483639
      modCount = 1
      MAX_ARRAY_SIZE = 2147483639
    startUpWeight = 1
    DEFAULT_STARTUP = -1
    isCachingEnabled = true
    isStatisticsEnabled = true
    isInternal = false
    metaData = class com.ibm.ws.webcontainer.osgi.metadata.WebComponentMetaDataImpl@6b388a08
      j2eeName = class com.ibm.ws.container.service.metadata.internal.J2EENameImpl@20ffd62a
      webModuleMetaData = class com.ibm.ws.webcontainer.osgi.metadata.WebModuleMetaDataImpl@5a6fac9d
      mBeanServiceReg = null
      tc = class com.ibm.websphere.ras.TraceComponent@37646fd7
      NUM_STATIC_SLOTS = 4
      ID_UNINITIALIZED = -1
      id = 2
      metaDataInterface = class java.lang.Class@20f2615
      staticSlots = class java.lang.Object[4]
      dynamicSlots = null
    singleThreadModelServlet = false
    isJsp = false
    webAppConfig = class com.ibm.ws.webcontainer.osgi.webapp.WebAppConfiguration@2aa814fb
      webModuleMetaData = class com.ibm.ws.webcontainer.osgi.metadata.WebModuleMetaDataImpl@5a6fac9d
      webComponentMetaData = class com.ibm.ws.webcontainer.osgi.metadata.WebComponentMetaDataImpl@58768d4b
      dVirtualHost = class com.ibm.ws.webcontainer.osgi.DynamicVirtualHost@573193f3
      orderedLibPaths = class java.util.Collections$UnmodifiableRandomAccessList@58dbadcc
      bundleHeaders = null
      cdiEnabled = false
      CLASS_NAME = "com.ibm.ws.webcontainer.webapp.WebAppConfiguration"
      logger = class com.ibm.ws.logging.internal.WsLogger@40a22ac5
      tc = class com.ibm.websphere.ras.TraceComponent@62182cf1
      nls = class com.ibm.ejs.ras.TraceNLS@6856f5cd
      version = 31
      contextRoot = "/SampleService"
      isDefaultContextRootUsed = false
      sessionTimeout = 0
      moduleSessionTimeoutSet = false
      moduleSessionTrackingModeSet = false
      sessionCookieConfig = class com.ibm.ws.session.SessionCookieConfigImpl@2a4f1c8
      hasProgrammaticCookieConfig = false
      sessionDefaultTrackingModeSet = class java.util.RegularEnumSet@6e542802
      sessionManagerConfig = class com.ibm.ws.session.SessionManagerConfig@71c4986b
      displayName = "Liberty Project"
      description = null
      reloadInterval = 0
      distributable = false
      denyUncoveredHttpMethods = false
      reloadingEnabled = false
      serveServletsByClassnameEnabled = null
      defaultErrorPage = null
      additionalClassPath = null
      fileServingEnabled = null
      directoryBrowsingEnabled = null
      autoRequestEncoding = false
      autoResponseEncoding = false
      autoLoadFilters = false
      requestListeners = null
      requestAttributeListeners = null
      sessionListeners = null
      localeMap = null
      moduleName = "rest"
      j2eeModuleName = "rest.war"
      moduleId = null
      isSyncToThreadEnabled = false
      encodeDispatchedRequestURI = false
      isSystemApp = false
      ardEnabled = false
      ardDispatchType = null
      listeners = class java.util.ArrayList@2e63f303
      welcomeFileList = class java.util.ArrayList@bec6db6
      servletMappings = class java.util.HashMap@443750f1
      lastIndexBeforeDeclaredFilters = 0
      filterMappings = class java.util.ArrayList@11659fdc
      servletInfo = class java.util.concurrent.ConcurrentHashMap@20af8d18
      filterInfo = class java.util.HashMap@48c6d566
      mimeMappings = class java.util.HashMap@3688a457
      mimeFilters = null
      isMimeFilteringEnabled = false
      theWebGroup = null
      jspAttributes = class java.util.HashMap@b2e4625
      fileServingAttributes = class java.util.HashMap@57b5cd15
      invokerAttributes = class java.util.HashMap@29264f60
      contextParams = class java.util.HashMap@5affec0f
      virtualHost = "default_host"
      exceptionErrorPages = class java.util.HashMap@2399861b
      codeErrorPages = class java.util.HashMap@5abd2a18
      tagLibList = null
      precompileJsps = false
      webApp = class com.ibm.ws.webcontainer40.osgi.webapp.WebApp40@7202f6b3
      virtualHostList = class java.util.Collections$EmptyList@417b3360
      appStartupWeight = 0
      moduleStartupWeight = 0
      metaDataComplete = false
      classesToScan = class java.util.ArrayList@64c120d4
      uriFilterMappingInfos = null
      servletFilterMappingInfos = null
      dynamicServletRegistrationMap = null
      applicationName = "rest"
      libBinPathList = null
      webXmlDefinedListeners = class java.util.HashSet@b07cb09
      allRefs = class java.util.EnumMap@3859dd9b
      allRefBindings = class java.util.EnumMap@20a109c3
      envEntryValues = class java.util.HashMap@4d8b4a83
      resourceRefConfigList = null
      disallowAllFileServingProp = null
      disallowServeServletsByClassnameProp = null
      disableStaticMappingCache = false
      jspCachedLocations = null
      primedSTSHeader = "NoValue"
      enablemultireadofpostdata = false
      requestEncoding = null
      responseEncoding = null
      NULLSERVLETNAME = "com.ibm.ws.webcontainer.NullServletName"
      _id = "WebAppGeneratedId1"
      _attributes = null
      serialVersionUID = 7511545662945734886
      $$$tc$$$ = class com.ibm.websphere.ras.TraceComponent@5c71fed1
    servletWrapper = class com.ibm.ws.webcontainer.osgi.servlet.ServletWrapper@703fb273
    servletClass = null
    servlet = null
    addedToLoadOnStartup = true
    previousWeight = null
    multipartConfig = null
    multipartConfigBaseLocation = null
    runAsRole = null
    servletSecurityElement = null
    declareRolesAnnotation = null
    logger = class com.ibm.ws.logging.internal.WsLogger@3c8be66e
    CLASS_NAME = "com.ibm.ws.webcontainer.servlet.TargetConfig"
    initParams = class java.util.HashMap@1448cfca
      serialVersionUID = 362498820763181265
      DEFAULT_INITIAL_CAPACITY = 16
      MAXIMUM_CAPACITY = 1073741824
      DEFAULT_LOAD_FACTOR = 0.75
      TREEIFY_THRESHOLD = 8
      UNTREEIFY_THRESHOLD = 6
      MIN_TREEIFY_CAPACITY = 64
      table = class java.util.HashMap$Node[16]
      entrySet = null
      size = 2
      modCount = 2
      threshold = 12
      loadFactor = 0.75
      keySet = class java.util.HashMap$KeySet@208e194b
      values = null
    fileName = null
    displayName = null
    name = "jersey-serlvet"
    description = null
    smallIcon = null
    largeIcon = null
    context = class com.ibm.ws.webcontainer40.facade.ServletContextFacade40@3b0f6f81
      context = class com.ibm.ws.webcontainer40.osgi.webapp.WebApp40@7202f6b3
    className = null
    asyncSupported = false
    _id = "ServletGeneratedId1"
    _attributes = null
    serialVersionUID = 7511545662945734886
    $$$tc$$$ = class com.ibm.websphere.ras.TraceComponent@5c71fed1
      strings[0] = "TraceComponent[com.ibm.ws.container.BaseConfiguration,class com.ibm.ws.container.BaseConfiguration,[],null,null]"
  context = class com.ibm.ws.webcontainer40.osgi.webapp.WebApp40@7202f6b3
    tc = class com.ibm.websphere.ras.TraceComponent@7bd20e70
      strings[0] = "TraceComponent[com.ibm.ws.webcontainer40.osgi.webapp.WebApp40,class com.ibm.ws.webcontainer40.osgi.webapp.WebApp40,[webcontainer],com.ibm.ws.webcontainer31.resources.Messages,null]"
    servlet40NLS = class com.ibm.ejs.ras.TraceNLS@3da31298
      resolver = class com.ibm.ws.logging.internal.TraceNLSResolver@53bd8a1b
      finder = null
      ivBundleName = "com.ibm.ws.webcontainer40.resources.Messages"
      caller = class java.lang.Class@6fc7b635
    CLASS_NAME = "com.ibm.ws.webcontainer40.osgi.webapp.WebApp40"
    defaultSessionTimeout = 30
    tc = class com.ibm.websphere.ras.TraceComponent@4e6c229d
      strings[0] = "TraceComponent[com.ibm.ws.webcontainer31.osgi.webapp.WebApp31,class com.ibm.ws.webcontainer31.osgi.webapp.WebApp31,[webcontainer],com.ibm.ws.webcontainer31.resources.Messages,null]"
    CLASS_NAME = "com.ibm.ws.webcontainer31.osgi.webapp.WebApp31"
    servlet31NLS = class com.ibm.ejs.ras.TraceNLS@e96ae99
      resolver = class com.ibm.ws.logging.internal.TraceNLSResolver@53bd8a1b
      finder = null
      ivBundleName = "com.ibm.ws.webcontainer31.resources.Messages"
      caller = class java.lang.Class@2b844ea3
    validListenerClasses = class java.lang.Class[7]
      Class[0] = class java.lang.Class@2c1a2ac6
      Class[1] = class java.lang.Class@158c4ef4
      Class[2] = class java.lang.Class@48c3a627
      Class[3] = class java.lang.Class@44325374
      Class[4] = class java.lang.Class@39030d2e
      Class[5] = class java.lang.Class@4e0f1f14
      Class[6] = class java.lang.Class@1b286a6c
    wsocServHandler = null
    tc = class com.ibm.websphere.ras.TraceComponent@4975508b
      strings[0] = "TraceComponent[com.ibm.ws.webcontainer.osgi.webapp.WebApp,class com.ibm.ws.webcontainer.osgi.webapp.WebApp,[webcontainer],com.ibm.ws.webcontainer.resources.LShimMessages,null]"
    CLASS_NAME = "com.ibm.ws.webcontainer.osgi.webapp.WebApp"
    metaDataService = class com.ibm.ws.container.service.metadata.internal.MetaDataServiceImpl@298ec42
      applicationMetaDataManager = class com.ibm.ws.container.service.metadata.internal.ApplicationMetaDataManager@46e8e0e9
      moduleMetaDataManager = class com.ibm.ws.container.service.metadata.internal.ModuleMetaDataManager@eeebd67
      componentMetaDataManager = class com.ibm.ws.container.service.metadata.internal.ComponentMetaDataManager@27090df
      methodMetaDataManager = class com.ibm.ws.container.service.metadata.internal.MethodMetaDataManager@47205e46
      appModuleNameToModuleContainer = class java.util.concurrent.ConcurrentHashMap@46ce01e3
      jeeNameToComponentMetaData = class java.util.concurrent.ConcurrentHashMap@3d3099d8
      deferredMetaDataFactories = class com.ibm.wsspi.kernel.service.utils.ConcurrentServiceReferenceSet@3b4000c9
      deferredMetaDataInitializers = class com.ibm.wsspi.kernel.service.utils.ConcurrentServiceReferenceMap@7e57ab89
      serialVersionUID = -2494605732980966097
      $$$tc$$$ = class com.ibm.websphere.ras.TraceComponent@7f3610fa
    namespacePopulated = false
    referenceContext = class com.ibm.ws.injectionengine.osgi.internal.OSGiReferenceContextImpl@34ecb4b9
      scopeData = class com.ibm.ws.injectionengine.osgi.internal.OSGiInjectionScopeData@1a9e951f
      serialVersionUID = 521511923892134915
      $$$tc$$$ = class com.ibm.websphere.ras.TraceComponent@13e94724
      CLASS_NAME = "com.ibm.ws.injectionengine.ReferenceContextImpl"
      tc = class com.ibm.websphere.ras.TraceComponent@421ae73b
      ivInjectionEngine = class com.ibm.ws.injectionengine.osgi.internal.OSGiInjectionEngineImpl@26e5df3c
      ivProviders = class java.util.ArrayList@31ad4631
      ivComponentJavaContext = null
      ivComponentNameSpace = null
      ivJavaColonCompEnvMap = class java.util.LinkedHashMap@45c513f3
      ivEjbContext10 = class java.util.Properties@5af9d801
      ivResourceRefConfigList = null
      isAlreadyProcessed = true
      ivProcessFailure = null
      ivInjectionTargetMap = class java.util.concurrent.ConcurrentHashMap@526de05d
      svInjTarMapCacheSize = 256
      ivDeclaredInjectionTargets = class java.util.HashMap@9aab8ef
      ivProcessedInjectionClasses = class java.util.HashSet@649d68a2
      ivProcessedInjectionBindings = class java.util.ArrayList@70b08de0
      ivAnyProcessDynamic = false
      ivCheckAppConfig = false
    j2eeNameFactory = class com.ibm.ws.container.service.metadata.internal.J2EENameFactoryImpl@39c178ee
      serialVersionUID = 3486344295038028821
      $$$tc$$$ = class com.ibm.websphere.ras.TraceComponent@7b290a65
    moduleLoader = class com.ibm.ws.classloading.internal.AppClassLoader@602b9ea8
    webAppConfig = class com.ibm.ws.webcontainer.osgi.webapp.WebAppConfiguration@2aa814fb
    extensionProcessingDisabled = false
    managedObjectService = class com.ibm.ws.managedobject.internal.ManagedObjectServiceImpl@616a6ce6
      serialVersionUID = -5207896281925798415
      $$$tc$$$ = class com.ibm.websphere.ras.TraceComponent@21f64892
    GenPluginCfgMB = null
    internalServletMetaData = interface com.ibm.wsspi.webcontainer.metadata.WebComponentMetaData[2]
      WebComponentMetaData[0] = null
      WebComponentMetaData[1] = null
    loginProcessor = null
    logoutProcessor = null
    collabHelper = class com.ibm.ws.webcontainer.osgi.collaborator.CollaboratorHelperImpl@1897d3bf
    envObject = class com.ibm.ws.util.WSThreadLocal@7d2e04a3
      tc = class com.ibm.ejs.ras.TraceComponent@52797f7b
      count = 4
      index = 1
      SUSPECTED_MISUSAGE_THRESHOLD = 200
      threadLocalHashCode = 1554202883
      nextHashCode = class java.util.concurrent.atomic.AtomicInteger@1d41165f
      HASH_INCREMENT = 1640531527
    orderedLibPaths = class java.util.Collections$UnmodifiableRandomAccessList@58dbadcc
      serialVersionUID = -2542308836966382001
      serialVersionUID = -283967356065247728
      list = class java.util.ArrayList@323d1cb8
      serialVersionUID = 1820017752578914078
      c = class java.util.ArrayList@323d1cb8
    perm = class com.ibm.websphere.security.WebSphereRuntimePermission@2641d487
      serialVersionUID = -3306242789188168337
      $$$tc$$$ = class com.ibm.websphere.ras.TraceComponent@23748d5d
      serialVersionUID = 6279438298436773498
      wildcard = false
      path = "accessServletContext"
      exitVM = false
      serialVersionUID = -5636570222231596674
      name = "accessServletContext"
    WELCOME_FILE_LIST = "com.ibm.ws.webcontainer.config.WelcomeFileList"
    DIR_BROWSING_MAPPING = "__dirBrowsing__1546253341746"
    FILTER_PROXY_MAPPING = "/__filterProxy__1546253341746"
    logger = class com.ibm.ws.logging.internal.WsLogger@40a22ac5
      tc = class com.ibm.websphere.ras.TraceComponent@6993be9e
      ivCachedResourceBundleName = null
      ivCachedResourceBundle = null
      ivComponent = null
      ivOrganization = null
      ivProduct = null
      ivMinimumLocalizationLevelIntValue = 625
      ivTC = class com.ibm.websphere.ras.TraceComponent@2cfc0efd
      loggerRegistrationComponent = class java.lang.ThreadLocal@c22defa
      emptyHandlers = class java.util.logging.Handler[0]
      offValue = 2147483647
      SYSTEM_LOGGER_RB_NAME = "sun.util.logging.resources.logging"
      SYSTEM_BUNDLE = class java.util.logging.Logger$LoggerBundle@a9787ec
      NO_RESOURCE_BUNDLE = class java.util.logging.Logger$LoggerBundle@1eb9d3e4
      manager = class com.ibm.ws.kernel.boot.logging.WsLogManager@4760bc7
      name = "com.ibm.ws.webcontainer.webapp"
      handlers = class java.util.concurrent.CopyOnWriteArrayList@30329567
      loggerBundle = class java.util.logging.Logger$LoggerBundle@3b6b8191
      useParentHandlers = true
      filter = null
      anonymous = false
      catalog = class com.ibm.ws.webcontainer.resources.Messages@24ac8879
      catalogName = "com.ibm.ws.webcontainer.resources.Messages"
      catalogLocale = class java.util.Locale@10309718
      treeLock = class java.lang.Object@7233d08c
      parent = class com.ibm.ws.logging.internal.WsLogger@5450e044
      kids = null
      levelObject = class java.util.logging.Level@14ff55f7
      levelValue = 800
      callersClassLoaderRef = class java.lang.ref.WeakReference@240664e
      isSystemLogger = false
      GLOBAL_LOGGER_NAME = "global"
      global = class java.util.logging.Logger@3fb90004
      $assertionsDisabled = true
    CLASS_NAME = "com.ibm.ws.webcontainer.webapp.WebApp"
    loader = class com.ibm.ws.classloading.internal.ThreadContextClassLoader@369bfc52
    facade = class com.ibm.ws.webcontainer40.facade.ServletContextFacade40@3b0f6f81
    features = class java.util.ArrayList@4da4356e
      serialVersionUID = 8683452581122892189
      DEFAULT_CAPACITY = 10
      EMPTY_ELEMENTDATA = class java.lang.Object[0]
      DEFAULTCAPACITY_EMPTY_ELEMENTDATA = class java.lang.Object[0]
      elementData = class java.lang.Object[0]
      size = 0
      MAX_ARRAY_SIZE = 2147483639
      modCount = 0
      MAX_ARRAY_SIZE = 2147483639
    applicationName = "rest"
    config = class com.ibm.ws.webcontainer.osgi.webapp.WebAppConfiguration@2aa814fb
    securityEnabledForApp = null
    webExtensionProcessor = class com.ibm.ws.webcontainer.osgi.extension.WebExtensionProcessor@481444db
      webApp = class com.ibm.ws.webcontainer40.osgi.webapp.WebApp40@7202f6b3
      extensionContext = class com.ibm.ws.webcontainer40.osgi.webapp.WebApp40@7202f6b3
    production = true
    isServlet23 = true
    contextPath = "/SampleService"
    internalServletList = class [Ljava.lang.String;[2]
      String[][0] = class java.lang.String[2]
      String[][1] = class java.lang.String[2]
    BY_NAME_ONLY = "/_1546253341747_/"
    filterManager = null
    documentRoot = null
    SERVLET_API_VERSION = "Servlet 2.5"
    disableServletAuditLogging = -1
    serverInfo = "IBM WebSphere Liberty/18.0.0.4"
    sessionCtx = class com.ibm.ws.webcontainer31.session.impl.HttpSessionContext31Impl@31fcae7e
      methodClassName = "HttpSessionContextImpl"
      _smc = class com.ibm.ws.session.SessionManagerConfig@71c4986b
      sessionStoreService = null
      _sap = class com.ibm.ws.session.SessionApplicationParameters@42e29872
      _coreHttpSessionManager = class com.ibm.ws.session.SessionManager@3c93b6ee
      _coreHttpAppSessionManager = null
      _sam = class com.ibm.ws.webcontainer.session.impl.SessionAffinityManagerImpl@32f3a858
      isSIPApplication = false
      sessionAttributeListener = false
      sessionListener = false
      mHttpSessionAttributeListeners = class java.util.ArrayList@5392f4b7
      mHttpSessionListeners = class java.util.ArrayList@565d7bf
      mHttpSessionIdListeners = class java.util.ArrayList@24e0253b
      mHttpSessionAttributeListenersJ2eeNames = class java.util.ArrayList@b7ef897
      mHttpSessionListenersJ2eeNames = class java.util.ArrayList@4f8d8203
      mHttpSessionIdListenersJ2eeNames = class java.util.ArrayList@64fe6c62
      mLocalHost = null
      _refCount = 1
      currentThreadSacHashtable = null
      methodClassName = "SessionContext"
      ANONYMOUS_USER = "anonymous"
      wasHttpSessionObserver = class com.ibm.ws.session.WasHttpSessionObserver@4112543b
      wasHttpSessionAttributeObserver = null
      _invalidator = class com.ibm.ws.session.SessionInvalidatorWithThreadPool@3d54a6ce
      _storer = class com.ibm.ws.session.EOSSessionStorer@1e6ab6fd
      wasHttpAppSessionObserver = null
      mHttpAppSessionListeners = null
      cmvcInfo = "CMVC Version 1.9 6/24/07 11:12:24"
      _loggedVersion = true
      CREATE_CORE_SESSION_MANAGER = 0
      GET_REQUESTED_SESSION_ID = 1
      GET_IHTTP_SESSION = 2
      SESSION_PRE_INVOKE = 3
      SESSION_POST_INVOKE = 4
      STOP = 5
      STOP_LISTENERS = 6
      IS_VALID = 7
      ENCODE_URL = 8
      SHOULD_ENCODE_URL = 9
      IS_PROTOCOL_SWITCH = 10
      GET_LOCAL_HOST = 11
      ADD_HTTP_SESSION_ATTRIBUTE_LISTENER = 12
      ADD_HTTP_SESSION_LISTENER = 13
      GET_SESSION_AFFINITY_CONTEXT = 14
      CHECK_SECURITY = 15
      INVALIDATE = 16
      CHECK_SESSSIONID_IS_RIGHT_LENGTH = 17
      LOCK_SESSION = 18
      UNLOCK_SESSION = 19
      ADD_HTTP_SESSION_ID_LISTENER = 20
      methodNames = class java.lang.String[21]
    eventSource = class com.ibm.ws.webcontainer.webapp.WebAppEventSource@135e1637
    nls = class com.ibm.ejs.ras.TraceNLS@5d9ff26a
      resolver = class com.ibm.ws.logging.internal.TraceNLSResolver@53bd8a1b
      finder = null
      ivBundleName = "com.ibm.ws.webcontainer.resources.Messages"
      caller = class java.lang.Class@103ec765
    liberty_nls = class com.ibm.ejs.ras.TraceNLS@3747479e
      resolver = class com.ibm.ws.logging.internal.TraceNLSResolver@53bd8a1b
      finder = null
      ivBundleName = "com.ibm.ws.webcontainer.resources.LShimMessages"
      caller = class java.lang.Class@103ec765
    error_nls = class com.ibm.ejs.ras.TraceNLS@1d11e910
      resolver = class com.ibm.ws.logging.internal.TraceNLSResolver@53bd8a1b
      finder = null
      ivBundleName = "com.ibm.ws.webcontainer.resources.ErrorPage"
      caller = class java.lang.Class@103ec765
    sessionListeners = class java.util.ArrayList@49ca3b92
      serialVersionUID = 8683452581122892189
      DEFAULT_CAPACITY = 10
      EMPTY_ELEMENTDATA = class java.lang.Object[0]
      DEFAULTCAPACITY_EMPTY_ELEMENTDATA = class java.lang.Object[0]
      elementData = class java.lang.Object[0]
      size = 0
      MAX_ARRAY_SIZE = 2147483639
      modCount = 1
      MAX_ARRAY_SIZE = 2147483639
    sessionIdListeners = class java.util.ArrayList@6be49c63
      serialVersionUID = 8683452581122892189
      DEFAULT_CAPACITY = 10
      EMPTY_ELEMENTDATA = class java.lang.Object[0]
      DEFAULTCAPACITY_EMPTY_ELEMENTDATA = class java.lang.Object[0]
      elementData = class java.lang.Object[0]
      size = 0
      MAX_ARRAY_SIZE = 2147483639
      modCount = 0
      MAX_ARRAY_SIZE = 2147483639
    sessionAttrListeners = class java.util.ArrayList@66925d36
      serialVersionUID = 8683452581122892189
      DEFAULT_CAPACITY = 10
      EMPTY_ELEMENTDATA = class java.lang.Object[0]
      DEFAULTCAPACITY_EMPTY_ELEMENTDATA = class java.lang.Object[0]
      elementData = class java.lang.Object[0]
      size = 0
      MAX_ARRAY_SIZE = 2147483639
      modCount = 1
      MAX_ARRAY_SIZE = 2147483639
    addedSessionListeners = class java.util.ArrayList@7459619d
      serialVersionUID = 8683452581122892189
      DEFAULT_CAPACITY = 10
      EMPTY_ELEMENTDATA = class java.lang.Object[0]
      DEFAULTCAPACITY_EMPTY_ELEMENTDATA = class java.lang.Object[0]
      elementData = class java.lang.Object[0]
      size = 0
      MAX_ARRAY_SIZE = 2147483639
      modCount = 0
      MAX_ARRAY_SIZE = 2147483639
    addedSessionAttrListeners = class java.util.ArrayList@6c57c22f
      serialVersionUID = 8683452581122892189
      DEFAULT_CAPACITY = 10
      EMPTY_ELEMENTDATA = class java.lang.Object[0]
      DEFAULTCAPACITY_EMPTY_ELEMENTDATA = class java.lang.Object[0]
      elementData = class java.lang.Object[0]
      size = 0
      MAX_ARRAY_SIZE = 2147483639
      modCount = 0
      MAX_ARRAY_SIZE = 2147483639
    servletContextListeners = class java.util.ArrayList@231f5c42
      serialVersionUID = 8683452581122892189
      DEFAULT_CAPACITY = 10
      EMPTY_ELEMENTDATA = class java.lang.Object[0]
      DEFAULTCAPACITY_EMPTY_ELEMENTDATA = class java.lang.Object[0]
      elementData = class java.lang.Object[0]
      size = 0
      MAX_ARRAY_SIZE = 2147483639
      modCount = 1
      MAX_ARRAY_SIZE = 2147483639
    servletContextLAttrListeners = class java.util.ArrayList@5790defa
      serialVersionUID = 8683452581122892189
      DEFAULT_CAPACITY = 10
      EMPTY_ELEMENTDATA = class java.lang.Object[0]
      DEFAULTCAPACITY_EMPTY_ELEMENTDATA = class java.lang.Object[0]
      elementData = class java.lang.Object[0]
      size = 0
      MAX_ARRAY_SIZE = 2147483639
      modCount = 1
      MAX_ARRAY_SIZE = 2147483639
    servletRequestListeners = class java.util.ArrayList@68fa081c
      serialVersionUID = 8683452581122892189
      DEFAULT_CAPACITY = 10
      EMPTY_ELEMENTDATA = class java.lang.Object[0]
      DEFAULTCAPACITY_EMPTY_ELEMENTDATA = class java.lang.Object[0]
      elementData = class java.lang.Object[0]
      size = 0
      MAX_ARRAY_SIZE = 2147483639
      modCount = 1
      MAX_ARRAY_SIZE = 2147483639
    servletRequestLAttrListeners = class java.util.ArrayList@3aeef996
      serialVersionUID = 8683452581122892189
      DEFAULT_CAPACITY = 10
      EMPTY_ELEMENTDATA = class java.lang.Object[0]
      DEFAULTCAPACITY_EMPTY_ELEMENTDATA = class java.lang.Object[0]
      elementData = class java.lang.Object[0]
      size = 0
      MAX_ARRAY_SIZE = 2147483639
      modCount = 1
      MAX_ARRAY_SIZE = 2147483639
    prependSlashToResource = false
    destroyed = false
    webAppNameSpaceCollab = class com.ibm.ws.webcontainer.osgi.collaborator.WebAppNameSpaceCollaboratorImpl@6ca28a1c
    txCollab = class com.ibm.ws.webcontainer.collaborator.WebAppTransactionCollaborator@f2ec611
    sessionActivationListeners = class java.util.ArrayList@634a4fc5
      serialVersionUID = 8683452581122892189
      DEFAULT_CAPACITY = 10
      EMPTY_ELEMENTDATA = class java.lang.Object[0]
      DEFAULTCAPACITY_EMPTY_ELEMENTDATA = class java.lang.Object[0]
      elementData = class java.lang.Object[0]
      size = 0
      MAX_ARRAY_SIZE = 2147483639
      modCount = 1
      MAX_ARRAY_SIZE = 2147483639
    sessionBindingListeners = class java.util.ArrayList@32fc2a58
      serialVersionUID = 8683452581122892189
      DEFAULT_CAPACITY = 10
      EMPTY_ELEMENTDATA = class java.lang.Object[0]
      DEFAULTCAPACITY_EMPTY_ELEMENTDATA = class java.lang.Object[0]
      elementData = class java.lang.Object[0]
      size = 0
      MAX_ARRAY_SIZE = 2147483639
      modCount = 1
      MAX_ARRAY_SIZE = 2147483639
    scratchdir = null
    jspClassLoaderLimit = 0
    jspClassLoaderExclusionList = null
    jspClassLoadersMap = null
    jspClassLoaderLimitTrackIF = false
    defaultExtProc = null
    directoryBrowsingServlet = null
    cdiContexts = class java.util.concurrent.ConcurrentHashMap@afe6ef3
      serialVersionUID = 7249069246763182397
      MAXIMUM_CAPACITY = 1073741824
      DEFAULT_CAPACITY = 16
      MAX_ARRAY_SIZE = 2147483639
      DEFAULT_CONCURRENCY_LEVEL = 16
      LOAD_FACTOR = 0.75
      TREEIFY_THRESHOLD = 8
      UNTREEIFY_THRESHOLD = 6
      MIN_TREEIFY_CAPACITY = 64
      MIN_TRANSFER_STRIDE = 16
      RESIZE_STAMP_BITS = 16
      MAX_RESIZERS = 65535
      RESIZE_STAMP_SHIFT = 16
      MOVED = -1
      TREEBIN = -2
      RESERVED = -3
      HASH_BITS = 2147483647
      NCPU = 8
      serialPersistentFields = class java.io.ObjectStreamField[3]
      table = null
      nextTable = null
      baseCount = 0
      sizeCtl = 0
      transferIndex = 0
      cellsBusy = 0
      counterCells = null
      keySet = null
      values = null
      entrySet = null
      U = class sun.misc.Unsafe@3ce615d9
      SIZECTL = 20
      TRANSFERINDEX = 32
      BASECOUNT = 24
      CELLSBUSY = 36
      CELLVALUE = 144
      ABASE = 16
      ASHIFT = 2
      keySet = null
      values = null
    moduleConfig = class com.ibm.ws.webcontainer.osgi.container.DeployedModule@47910473
      tc = class com.ibm.websphere.ras.TraceComponent@683c22b2
      loader = class com.ibm.ws.classloading.internal.ThreadContextClassLoader@369bfc52
      webApp = class com.ibm.ws.webcontainer40.osgi.webapp.WebApp40@7202f6b3
      webAppConfig = class com.ibm.ws.webcontainer.osgi.webapp.WebAppConfiguration@2aa814fb
      contextRootAdded = null
      properContextRoot = "/SampleService"
      mappingContextRoot = "/SampleService/*"
      serialVersionUID = -2104814060051592457
      $$$tc$$$ = class com.ibm.websphere.ras.TraceComponent@46bec43b
    extensionFactories = class java.util.ArrayList@76945f23
      serialVersionUID = 8683452581122892189
      DEFAULT_CAPACITY = 10
      EMPTY_ELEMENTDATA = class java.lang.Object[0]
      DEFAULTCAPACITY_EMPTY_ELEMENTDATA = class java.lang.Object[0]
      elementData = class java.lang.Object[10]
      size = 1
      MAX_ARRAY_SIZE = 2147483639
      modCount = 1
      MAX_ARRAY_SIZE = 2147483639
    initialized = false
    lock = class com.ibm.ws.webcontainer.webapp.WebApp$1@25691543
      this$0 = class com.ibm.ws.webcontainer40.osgi.webapp.WebApp40@7202f6b3
    afterServletContextCreated = false
    redirectContextRoot = false
    errorExceptionTypeFirst = false
    initFilterBeforeServletInit = false
    sortedServletConfigs = class java.util.ArrayList@5c196eeb
      serialVersionUID = 8683452581122892189
      DEFAULT_CAPACITY = 10
      EMPTY_ELEMENTDATA = class java.lang.Object[0]
      DEFAULTCAPACITY_EMPTY_ELEMENTDATA = class java.lang.Object[0]
      elementData = class java.lang.Object[10]
      size = 2
      MAX_ARRAY_SIZE = 2147483639
      modCount = 2
      MAX_ARRAY_SIZE = 2147483639
    effectiveMajorVersion = 3
    effectiveMinorVersion = 1
    canAddServletContextListener = true
    withinContextInitOfProgAddListener = false
    lastProgAddListenerInitialized = null
    webInfLibClassloader = null
    metaInfCache = class com.ibm.ws.webcontainer.webapp.WebApp$2@13645b87
      this$0 = class com.ibm.ws.webcontainer40.osgi.webapp.WebApp40@7202f6b3
      serialVersionUID = 3801124242820219131
      head = null
      tail = null
      accessOrder = true
      serialVersionUID = 362498820763181265
      DEFAULT_INITIAL_CAPACITY = 16
      MAXIMUM_CAPACITY = 1073741824
      DEFAULT_LOAD_FACTOR = 0.75
      TREEIFY_THRESHOLD = 8
      UNTREEIFY_THRESHOLD = 6
      MIN_TREEIFY_CAPACITY = 64
      table = null
      entrySet = null
      size = 0
      modCount = 0
      threshold = 32
      loadFactor = 1.0
      keySet = null
      values = null
    useMetaInfCache = true
    SUN_CONFIGURE_LISTENER_CLASSNAME = "com.sun.faces.config.ConfigureListener"
    MYFACES_LIFECYCLE_LISTENER_CLASSNAME = "org.apache.myfaces.webapp.StartupServletContextListener"
    JSF_IMPL_ENABLED_PARAM = "com.ibm.ws.jsf.JSF_IMPL_ENABLED"
    JSF_IMPL_ENABLED_CUSTOM = "Custom"
    JSF_IMPL_ENABLED_NONE = "None"
    staticDocRoot = class com.ibm.ws.webcontainer.util.DocumentRootUtils@47dd738f
      logger = class com.ibm.ws.logging.internal.WsLogger@3373573a
      CLASS_NAME = "com.ibm.ws.webcontainer.util.DocumentRootUtils"
      useContentLength = false
      matchedFile = null
      matchedZipFile = null
      matchedEntry = null
      matchedURL = null
      edrRoot = null
      pfedrRoot = null
      ctxt = class com.ibm.ws.webcontainer40.osgi.webapp.WebApp40@7202f6b3
      baseDir = null
      edr = null
      pfedr = null
      metaInfRes = null
      searchpfEDR = true
      searchEDR = true
      searchMetaInfRes = true
      matchFromEDR = false
      matchFromMetaInfRes = false
      matchIsADirectory = false
      appConfig = class com.ibm.ws.webcontainer.osgi.webapp.WebAppConfiguration@2aa814fb
      attributeType = "staticFile"
      STATIC_FILE = "staticFile"
      JSP = "jsp"
      PFEDR = "preFragmentExtendedDocumentRoot"
      EDR = "extendedDocumentRoot"
    jspDocRoot = class com.ibm.ws.webcontainer.util.DocumentRootUtils@2a73a53a
      logger = class com.ibm.ws.logging.internal.WsLogger@3373573a
      CLASS_NAME = "com.ibm.ws.webcontainer.util.DocumentRootUtils"
      useContentLength = false
      matchedFile = null
      matchedZipFile = null
      matchedEntry = null
      matchedURL = null
      edrRoot = null
      pfedrRoot = null
      ctxt = class com.ibm.ws.webcontainer40.osgi.webapp.WebApp40@7202f6b3
      baseDir = null
      edr = null
      pfedr = null
      metaInfRes = null
      searchpfEDR = true
      searchEDR = true
      searchMetaInfRes = true
      matchFromEDR = false
      matchFromMetaInfRes = false
      matchIsADirectory = false
      appConfig = class com.ibm.ws.webcontainer.osgi.webapp.WebAppConfiguration@2aa814fb
      attributeType = "jsp"
      STATIC_FILE = "staticFile"
      JSP = "jsp"
      PFEDR = "preFragmentExtendedDocumentRoot"
      EDR = "extendedDocumentRoot"
    container = class com.ibm.ws.adaptable.module.internal.AdaptableContainerImpl@4c1905ef
      root = class com.ibm.ws.adaptable.module.internal.AdaptableContainerImpl@4c1905ef
      rootOverlay = class com.ibm.ws.artifact.overlay.internal.DirectoryBasedOverlayContainerImpl@3771d89e
      factoryHolder = class com.ibm.ws.adaptable.module.internal.AdaptableModuleFactoryImpl@33e97591
      delegate = class com.ibm.ws.artifact.overlay.internal.DirectoryBasedOverlayContainerImpl@3771d89e
      notifier = class com.ibm.ws.adaptable.module.internal.NotifierImpl@4a79a71d
      serialVersionUID = -5621513278641113667
      $$$tc$$$ = class com.ibm.websphere.ras.TraceComponent@5371c0f4
    metaInfResourceFinder = class com.ibm.ws.webcontainer.util.MetaInfResourceFinder@3d0ae8a9
      jarResourceContainers = class java.util.ArrayList@9b0c28b
      container = class com.ibm.ws.adaptable.module.internal.AdaptableContainerImpl@4c1905ef
    postConstructMethods = class com.ibm.ws.webcontainer.webapp.WebApp$AnnotatedMethods@c8324ec
      annotationClass = class java.lang.Class@36296d0f
      noOpClassNames = class java.util.HashSet@1aee30b2
      annotatedMethodNames = class java.util.concurrent.ConcurrentHashMap@3eaf2965
      EMPTY_METHODS = class java.lang.reflect.Method[0]
    preDestroyMethods = class com.ibm.ws.webcontainer.webapp.WebApp$AnnotatedMethods@20ee7ff8
      annotationClass = class java.lang.Class@45ad4c67
      noOpClassNames = class java.util.HashSet@7841b607
      annotatedMethodNames = class java.util.concurrent.ConcurrentHashMap@5a47631
      EMPTY_METHODS = class java.lang.reflect.Method[0]
    OBJ_EMPTY = class java.lang.Object[0]
    CLASS_EMPTY = class java.lang.Class[0]
    DEFAULT_JSP_EXTENSIONS = class java.util.ArrayList@178344aa
      serialVersionUID = 8683452581122892189
      DEFAULT_CAPACITY = 10
      EMPTY_ELEMENTDATA = class java.lang.Object[0]
      DEFAULTCAPACITY_EMPTY_ELEMENTDATA = class java.lang.Object[0]
      elementData = class java.lang.Object[10]
      size = 4
      MAX_ARRAY_SIZE = 2147483639
      modCount = 4
      MAX_ARRAY_SIZE = 2147483639
    DEFER_SERVLET_REQUEST_LISTENER_DESTROY_ON_ERROR = false
    DO_ACCEPT_PARTIAL = true
    DO_NOT_ACCEPT_PARTIAL = false
    DO_ACCEPT_EXCLUDED = true
    DO_NOT_ACCEPT_EXCLUDED = false
    commands = class java.util.ArrayList@6817565f
      serialVersionUID = 8683452581122892189
      DEFAULT_CAPACITY = 10
      EMPTY_ELEMENTDATA = class java.lang.Object[0]
      DEFAULTCAPACITY_EMPTY_ELEMENTDATA = class java.lang.Object[0]
      elementData = class java.lang.Object[3]
      size = 0
      MAX_ARRAY_SIZE = 2147483639
      modCount = 0
      MAX_ARRAY_SIZE = 2147483639
    requestMapper = class com.ibm.wsspi.webcontainer.util.URIMapper@3bd5e51a
      matcher = class com.ibm.wsspi.webcontainer40.util.URIMatcher40@3af561fb
    parent = class com.ibm.ws.webcontainer.osgi.webapp.WebGroup@36fe50de
      tc = class com.ibm.websphere.ras.TraceComponent@6a8c63aa
      logger = class com.ibm.ws.logging.internal.WsLogger@40a22ac5
      CLASS_NAME = "com.ibm.ws.webcontainer.webapp.WebGroup"
      sessUrlRewritePrefix = ";jsessionid="
      qMark = "?"
      config = class com.ibm.ws.webcontainer.osgi.webapp.WebGroupConfiguration@5ee417f5
      webApp = class com.ibm.ws.webcontainer40.osgi.webapp.WebApp40@7202f6b3
      commands = class java.util.ArrayList@3d00fa68
      requestMapper = null
      parent = class com.ibm.ws.webcontainer.osgi.DynamicVirtualHost@573193f3
      name = "/SampleService/*"
      isAlive = true
      subElements = class java.util.HashMap@5c9ca66f
      attributes = null
      config = null
      serialVersionUID = -8271459000149267764
      $$$tc$$$ = class com.ibm.websphere.ras.TraceComponent@471c38f
    name = "rest"
    isAlive = true
    subElements = null
    attributes = class java.util.concurrent.ConcurrentHashMap@2cad9f49
      serialVersionUID = 7249069246763182397
      MAXIMUM_CAPACITY = 1073741824
      DEFAULT_CAPACITY = 16
      MAX_ARRAY_SIZE = 2147483639
      DEFAULT_CONCURRENCY_LEVEL = 16
      LOAD_FACTOR = 0.75
      TREEIFY_THRESHOLD = 8
      UNTREEIFY_THRESHOLD = 6
      MIN_TREEIFY_CAPACITY = 64
      MIN_TRANSFER_STRIDE = 16
      RESIZE_STAMP_BITS = 16
      MAX_RESIZERS = 65535
      RESIZE_STAMP_SHIFT = 16
      MOVED = -1
      TREEBIN = -2
      RESERVED = -3
      HASH_BITS = 2147483647
      NCPU = 8
      serialPersistentFields = class java.io.ObjectStreamField[3]
      table = class java.util.concurrent.ConcurrentHashMap$Node[16]
      nextTable = null
      baseCount = 9
      sizeCtl = 12
      transferIndex = 0
      cellsBusy = 0
      counterCells = null
      keySet = null
      values = null
      entrySet = null
      U = class sun.misc.Unsafe@3ce615d9
      SIZECTL = 20
      TRANSFERINDEX = 32
      BASECOUNT = 24
      CELLSBUSY = 36
      CELLVALUE = 144
      ABASE = 16
      ASHIFT = 2
      keySet = null
      values = null
    config = null
    serialVersionUID = -8271459000149267764
    $$$tc$$$ = class com.ibm.websphere.ras.TraceComponent@471c38f
      strings[0] = "TraceComponent[com.ibm.ws.container.AbstractContainer,class com.ibm.ws.container.AbstractContainer,[],null,null]"
  target = class com.sun.jersey.spi.container.servlet.ServletContainer@11d9c60b
    GLASSFISH_DEFAULT_ERROR_PAGE_RESPONSE = "org.glassfish.web.isDefaultErrorPageEnabled"
    APPLICATION_CONFIG_CLASS = "javax.ws.rs.Application"
    RESOURCE_CONFIG_CLASS = "com.sun.jersey.config.property.resourceConfigClass"
    JSP_TEMPLATES_BASE_PATH = "com.sun.jersey.config.property.JSPTemplatesBasePath"
    PROPERTY_WEB_PAGE_CONTENT_REGEX = "com.sun.jersey.config.property.WebPageContentRegex"
    FEATURE_FILTER_FORWARD_ON_404 = "com.sun.jersey.config.feature.FilterForwardOn404"
    PROPERTY_FILTER_CONTEXT_PATH = "com.sun.jersey.config.feature.FilterContextPath"
    webComponent = class com.sun.jersey.spi.container.servlet.ServletContainer$InternalWebComponent@38c442f3
      this$0 = class com.sun.jersey.spi.container.servlet.ServletContainer@11d9c60b
      APPLICATION_CONFIG_CLASS = "javax.ws.rs.Application"
      RESOURCE_CONFIG_CLASS = "com.sun.jersey.config.property.resourceConfigClass"
      JSP_TEMPLATES_BASE_PATH = "com.sun.jersey.config.property.JSPTemplatesBasePath"
      LOGGER = class com.ibm.ws.logging.internal.WsLogger@6ec6f435
      requestInvoker = class com.sun.jersey.server.impl.ThreadLocalInvoker@3fba8f5b
      responseInvoker = class com.sun.jersey.server.impl.ThreadLocalInvoker@40e812a9
      config = class com.sun.jersey.spi.container.servlet.WebServletConfig@ea974ab
      resourceConfig = class com.sun.jersey.api.core.PackagesResourceConfig@57174e17
      useSetStatusOn404 = false
      application = null
    filterConfig = null
    staticContentPattern = null
    forwardOn404 = false
    app = null
    filterContextPath = null
    METHOD_DELETE = "DELETE"
    METHOD_HEAD = "HEAD"
    METHOD_GET = "GET"
    METHOD_OPTIONS = "OPTIONS"
    METHOD_POST = "POST"
    METHOD_PUT = "PUT"
    METHOD_TRACE = "TRACE"
    HEADER_IFMODSINCE = "If-Modified-Since"
    HEADER_LASTMOD = "Last-Modified"
    LSTRING_FILE = "javax.servlet.http.LocalStrings"
    lStrings = class java.util.PropertyResourceBundle@7cf89d95
      lookup = class java.util.HashMap@572d39e6
      INITIAL_CACHE_SIZE = 32
      NONEXISTENT_BUNDLE = class java.util.ResourceBundle$1@51c26d0b
      cacheList = class java.util.concurrent.ConcurrentHashMap@44a5c638
      referenceQueue = class java.lang.ref.ReferenceQueue@53dabfb0
      parent = null
      locale = class java.util.Locale@2295c268
      name = "javax.servlet.http.LocalStrings"
      expired = false
      cacheKey = class java.util.ResourceBundle$CacheKey@5a0e04ba
      keySet = null
      providers = null
      $assertionsDisabled = true
    LSTRING_FILE = "javax.servlet.LocalStrings"
    lStrings = class java.util.PropertyResourceBundle@7dfa3cbb
    config = class com.ibm.ws.webcontainer.servlet.ServletConfig@5e9379c3
  cacheWrappers = null
  targetLoader = class com.ibm.ws.classloading.internal.ThreadContextClassLoader@369bfc52
    tc = class com.ibm.websphere.ras.TraceComponent@2dfd3812
      strings[0] = "TraceComponent[com.ibm.ws.classloading.internal.ThreadContextClassLoader,class com.ibm.ws.classloading.internal.ThreadContextClassLoader,[ClassLoadingService],com.ibm.ws.classloading.internal.resources.ClassLoadingServiceMessages,null]"
    bundle = class java.util.concurrent.atomic.AtomicReference@7d690547
      serialVersionUID = -1848883965231344442
      unsafe = class sun.misc.Unsafe@3ce615d9
      valueOffset = 12
      value = class org.eclipse.osgi.internal.framework.EquinoxBundle@13d72e7c
    key = "WebModule:rest#rest.war"
    refCount = class java.util.concurrent.atomic.AtomicInteger@1c63f0e4
      serialVersionUID = 6214790243416807050
      unsafe = class sun.misc.Unsafe@3ce615d9
      valueOffset = 12
      value = 2
      serialVersionUID = -8742448824652078965
    appLoader = class com.ibm.ws.classloading.internal.AppClassLoader@602b9ea8
      tc = class com.ibm.websphere.ras.TraceComponent@57b59677
      PARENT_FIRST_SEARCH_ORDER = class java.util.Collections$UnmodifiableRandomAccessList@5a007ab5
      CLASS_LOADING_TRACE_PREFIX = "com.ibm.ws.class.load."
      DEFAULT_PACKAGE = "default.package"
      perPackageClassLoadingTraceComponents = class java.util.concurrent.ConcurrentHashMap@427ac5ed
      config = class com.ibm.ws.classloading.internal.ClassLoaderConfigurationImpl@9ec4e01
      privateLibraries = null
      delegateLoaders = class com.ibm.ws.classloading.internal.util.CompositeIterable@2a6aa36
      nativeLibraryFiles = class java.util.ArrayList@5b2abd05
      transformers = class java.util.ArrayList@4feb5e20
      apiAccess = class com.ibm.ws.classloading.internal.GatewayClassLoader@22c4ca38
      generator = class com.ibm.ws.classloading.internal.ClassGeneratorManager@53a752b9
      protectionDomains = class java.util.concurrent.ConcurrentHashMap@241c8d9a
      parent = class com.ibm.ws.classloading.internal.GatewayClassLoader@22c4ca38
      serialVersionUID = -1542993300419972783
      tc = class com.ibm.websphere.ras.TraceComponent@404cf5ab
      smartClassPath = class com.ibm.ws.classloading.internal.ContainerClassLoader$SmartClassPathImpl@81f6612
      nativeLibraryContainers = class java.util.ArrayList@48af4ad6
      redefiner = class com.ibm.ws.classloading.internal.util.ClassRedefiner@19f27d72
      hook = null
      mapCreationQueue = class java.util.concurrent.Executors$FinalizableDelegatedExecutorService@38a2e23a
      serialVersionUID = -5001410721240711
      serialVersionUID = -7411549862368381758
      $$$tc$$$ = class com.ibm.websphere.ras.TraceComponent@4b95818d
      serialVersionUID = -4868702105808481416
      $$$tc$$$ = class com.ibm.websphere.ras.TraceComponent@2e4a9238
      serialVersionUID = 2596921220292114344
      $$$tc$$$ = class com.ibm.websphere.ras.TraceComponent@2a5b1841
      initialized = true
      pdcache = class java.util.HashMap@57fc67d1
      debug = null
      parent = class com.ibm.ws.classloading.internal.GatewayClassLoader@22c4ca38
      parallelLockMap = null
      package2certs = class java.util.Hashtable@65b77e02
      nocerts = class java.security.cert.Certificate[0]
      classes = class java.util.Vector@4aabf3bc
      defaultDomain = class java.security.ProtectionDomain@6b7f2d6a
      domains = class java.util.HashSet@5f891d3b
      packages = class java.util.HashMap@1102fa6
      scl = class sun.misc.Launcher$AppClassLoader@18b4aac2
      sclSet = true
      loadedLibraryNames = class java.util.Vector@12fb287e
      systemNativeLibraries = class java.util.Vector@2bc51914
      nativeLibraries = class java.util.Vector@14b30a2b
      nativeLibraryContext = class java.util.Stack@57e65d28
      usr_paths = class java.lang.String[16]
      sys_paths = class java.lang.String[1]
      assertionLock = class com.ibm.ws.classloading.internal.AppClassLoader@602b9ea8
      defaultAssertionStatus = false
      packageAssertionStatus = null
      classAssertionStatus = null
    clSvc = class com.ibm.ws.classloading.internal.ClassLoadingServiceImpl@26af3298
      tc = class com.ibm.websphere.ras.TraceComponent@37e44cf1
      leakDetectionMap = class java.util.HashMap@76bfebb1
      TCCL_LOCK_WAIT = 15000
      REFERENCE_GENERATORS = "generators"
      bundleContext = class org.eclipse.osgi.internal.framework.BundleContextImpl@44167fa6
      aclStore = class com.ibm.ws.classloading.internal.util.CanonicalStore@557433b0
      tcclStore = class com.ibm.ws.classloading.internal.util.CanonicalStore@3374e586
      tcclStoreLock = class java.util.concurrent.locks.ReentrantLock@6484a79e
      digraph = class org.eclipse.equinox.internal.region.StandardRegionDigraph@6d6f2adc
      redefiner = class com.ibm.ws.classloading.internal.util.ClassRedefiner@19f27d72
      listener = class com.ibm.ws.classloading.internal.ClassLoadingServiceImpl$1@d3ef31f
      classloaders = class java.util.Collections$SynchronizedMap@4cc70d71
      resourceProviders = class com.ibm.ws.classloading.internal.CompositeResourceProvider@58eae7ff
      rememberedBundles = class java.util.concurrent.ConcurrentHashMap@5279087d
      collectedBundles = class java.lang.ref.ReferenceQueue@28a5af26
      generatorRefs = class com.ibm.wsspi.kernel.service.utils.ConcurrentServiceReferenceSet@5cfd83c6
      generatorManager = class com.ibm.ws.classloading.internal.ClassGeneratorManager@53a752b9
      appExtLibs = class java.util.concurrent.CopyOnWriteArrayList@49078250
      metaInfServicesProviders = class java.util.concurrent.ConcurrentHashMap@4cded8c9
      metaInfServicesRefs = class com.ibm.wsspi.kernel.service.utils.ConcurrentServiceReferenceMap@7c0d9127
      protectionDomainMap = class java.util.HashMap@15562685
      metadataIdentifierService = class com.ibm.ws.container.service.metadata.internal.MetaDataServiceImpl@298ec42
      globalSharedLibrary = class java.util.concurrent.atomic.AtomicReference@60b6237d
      serialVersionUID = -1838778944052667322
    serialVersionUID = 846416563800781557
    followOnClassLoaders = class java.util.ArrayList@703fbd9
      serialVersionUID = 8683452581122892189
      DEFAULT_CAPACITY = 10
      EMPTY_ELEMENTDATA = class java.lang.Object[0]
      DEFAULTCAPACITY_EMPTY_ELEMENTDATA = class java.lang.Object[0]
      elementData = class java.lang.Object[10]
      size = 1
      MAX_ARRAY_SIZE = 2147483639
      modCount = 1
      MAX_ARRAY_SIZE = 2147483639
    serialVersionUID = -5107316606107305512
    $$$tc$$$ = class com.ibm.websphere.ras.TraceComponent@562f899d
      strings[0] = "TraceComponent[com.ibm.ws.classloading.internal.UnifiedClassLoader,class com.ibm.ws.classloading.internal.UnifiedClassLoader,[ClassLoadingService],com.ibm.ws.classloading.internal.resources.ClassLoadingServiceMessages,null]"
    serialVersionUID = -4868702105808481416
    $$$tc$$$ = class com.ibm.websphere.ras.TraceComponent@2e4a9238
      strings[0] = "TraceComponent[com.ibm.ws.classloading.internal.LibertyLoader,class com.ibm.ws.classloading.internal.LibertyLoader,[ClassLoadingService],com.ibm.ws.classloading.internal.resources.ClassLoadingServiceMessages,null]"
    serialVersionUID = 2596921220292114344
    $$$tc$$$ = class com.ibm.websphere.ras.TraceComponent@2a5b1841
      strings[0] = "TraceComponent[com.ibm.ws.classloading.LibertyClassLoader,class com.ibm.ws.classloading.LibertyClassLoader,[ClassLoadingService],com.ibm.ws.classloading.internal.resources.ClassLoadingServiceMessages,null]"
    initialized = true
    pdcache = class java.util.HashMap@45741c8d
      serialVersionUID = 362498820763181265
      DEFAULT_INITIAL_CAPACITY = 16
      MAXIMUM_CAPACITY = 1073741824
      DEFAULT_LOAD_FACTOR = 0.75
      TREEIFY_THRESHOLD = 8
      UNTREEIFY_THRESHOLD = 6
      MIN_TREEIFY_CAPACITY = 64
      table = null
      entrySet = null
      size = 0
      modCount = 0
      threshold = 16
      loadFactor = 0.75
      keySet = null
      values = null
    debug = null
    parent = class com.ibm.ws.classloading.internal.GatewayClassLoader@55123f29
      config = class com.ibm.ws.classloading.internal.GatewayConfigurationImpl@3c3cc3f9
      wiringMonitor = class com.ibm.ws.classloading.internal.GatewayClassLoader$1@3cc1e38d
      bundle = class org.eclipse.osgi.internal.framework.EquinoxBundle@13d72e7c
      wiring = class org.eclipse.osgi.container.ModuleWiring@7988d492
      bundleLoader = class org.eclipse.osgi.internal.loader.EquinoxClassLoader@14825a42
      resourceProviders = class com.ibm.ws.classloading.internal.CompositeResourceProvider@58eae7ff
      serialVersionUID = -4256474098847905153
      $$$tc$$$ = class com.ibm.websphere.ras.TraceComponent@409c47ed
      parent = class sun.misc.Launcher$AppClassLoader@18b4aac2
      parallelLockMap = null
      package2certs = class java.util.Hashtable@4e7b6020
      nocerts = class java.security.cert.Certificate[0]
      classes = class java.util.Vector@7d153fe9
      defaultDomain = class java.security.ProtectionDomain@4286489d
      domains = class java.util.HashSet@44505ac5
      packages = class java.util.HashMap@51bf580f
      scl = class sun.misc.Launcher$AppClassLoader@18b4aac2
      sclSet = true
      loadedLibraryNames = class java.util.Vector@12fb287e
      systemNativeLibraries = class java.util.Vector@2bc51914
      nativeLibraries = class java.util.Vector@501cfa6
      nativeLibraryContext = class java.util.Stack@57e65d28
      usr_paths = class java.lang.String[16]
      sys_paths = class java.lang.String[1]
      assertionLock = class com.ibm.ws.classloading.internal.GatewayClassLoader@55123f29
      defaultAssertionStatus = false
      packageAssertionStatus = null
      classAssertionStatus = null
    parallelLockMap = null
    package2certs = class java.util.Hashtable@5d31eac9
      table = class java.util.Hashtable$Entry[11]
      count = 0
      threshold = 8
      loadFactor = 0.75
      modCount = 0
      serialVersionUID = 1421746759512286392
      MAX_ARRAY_SIZE = 2147483639
      keySet = null
      entrySet = null
      values = null
      KEYS = 0
      VALUES = 1
      ENTRIES = 2
    nocerts = class java.security.cert.Certificate[0]
    classes = class java.util.Vector@7f8fcad5
      elementData = class java.lang.Object[10]
      elementCount = 0
      capacityIncrement = 0
      serialVersionUID = -2767605614048989439
      MAX_ARRAY_SIZE = 2147483639
      modCount = 0
      MAX_ARRAY_SIZE = 2147483639
    defaultDomain = class java.security.ProtectionDomain@2463bc81
      codesource = class java.security.CodeSource@d650fda
      classloader = class com.ibm.ws.classloading.internal.ThreadContextClassLoader@369bfc52
      principals = interface java.security.Principal[0]
      permissions = null
      hasAllPerm = false
      staticPermissions = false
      key = class java.security.ProtectionDomain$Key@11f7daad
      debug = null
    domains = class java.util.HashSet@41964cf4
      serialVersionUID = -5024744406713321676
      map = class java.util.HashMap@1e84e2d0
      PRESENT = class java.lang.Object@6aafa36d
      MAX_ARRAY_SIZE = 2147483639
    packages = class java.util.HashMap@132391ad
      serialVersionUID = 362498820763181265
      DEFAULT_INITIAL_CAPACITY = 16
      MAXIMUM_CAPACITY = 1073741824
      DEFAULT_LOAD_FACTOR = 0.75
      TREEIFY_THRESHOLD = 8
      UNTREEIFY_THRESHOLD = 6
      MIN_TREEIFY_CAPACITY = 64
      table = null
      entrySet = null
      size = 0
      modCount = 0
      threshold = 0
      loadFactor = 0.75
      keySet = null
      values = null
    scl = class sun.misc.Launcher$AppClassLoader@18b4aac2
      ucp = class sun.misc.URLClassPath@2a723a3f
      $assertionsDisabled = true
      ucp = class sun.misc.URLClassPath@2a723a3f
      acc = class java.security.AccessControlContext@4172e463
      closeables = class java.util.WeakHashMap@6511929
      initialized = true
      pdcache = class java.util.HashMap@1896ed91
      debug = null
      parent = class sun.misc.Launcher$ExtClassLoader@230e8f7e
      parallelLockMap = class java.util.concurrent.ConcurrentHashMap@75092680
      package2certs = class java.util.concurrent.ConcurrentHashMap@7b1fe159
      nocerts = class java.security.cert.Certificate[0]
      classes = class java.util.Vector@544a61ce
      defaultDomain = class java.security.ProtectionDomain@3686146
      domains = class java.util.Collections$SynchronizedSet@3f697a8d
      packages = class java.util.HashMap@3b784110
      scl = class sun.misc.Launcher$AppClassLoader@18b4aac2
      sclSet = true
      loadedLibraryNames = class java.util.Vector@12fb287e
      systemNativeLibraries = class java.util.Vector@2bc51914
      nativeLibraries = class java.util.Vector@3c3b13a0
      nativeLibraryContext = class java.util.Stack@57e65d28
      usr_paths = class java.lang.String[16]
      sys_paths = class java.lang.String[1]
      assertionLock = class java.lang.Object@7c192730
      defaultAssertionStatus = false
      packageAssertionStatus = null
      classAssertionStatus = null
    sclSet = true
    loadedLibraryNames = class java.util.Vector@12fb287e
      elementData = class java.lang.Object[10]
      elementCount = 5
      capacityIncrement = 0
      serialVersionUID = -2767605614048989439
      MAX_ARRAY_SIZE = 2147483639
      modCount = 5
      MAX_ARRAY_SIZE = 2147483639
    systemNativeLibraries = class java.util.Vector@2bc51914
      elementData = class java.lang.Object[10]
      elementCount = 5
      capacityIncrement = 0
      serialVersionUID = -2767605614048989439
      MAX_ARRAY_SIZE = 2147483639
      modCount = 5
      MAX_ARRAY_SIZE = 2147483639
    nativeLibraries = class java.util.Vector@58471174
      elementData = class java.lang.Object[10]
      elementCount = 0
      capacityIncrement = 0
      serialVersionUID = -2767605614048989439
      MAX_ARRAY_SIZE = 2147483639
      modCount = 0
      MAX_ARRAY_SIZE = 2147483639
    nativeLibraryContext = class java.util.Stack@57e65d28
      serialVersionUID = 1224463164541339165
      elementData = class java.lang.Object[10]
      elementCount = 0
      capacityIncrement = 0
      serialVersionUID = -2767605614048989439
      MAX_ARRAY_SIZE = 2147483639
      modCount = 10
      MAX_ARRAY_SIZE = 2147483639
    usr_paths = class java.lang.String[16]
      String[0] = "C:\Program Files\Java\jdk1.8.0_191\jre\bin"
      String[1] = "C:\Windows\Sun\Java\bin"
      String[2] = "C:\Windows\system32"
      String[3] = "C:\Windows"
      String[4] = "C:\Program Files (x86)\Common Files\Oracle\Java\javapath"
      String[5] = "C:\Windows\system32"
      String[6] = "C:\Windows"
      String[7] = "C:\Windows\System32\Wbem"
      String[8] = "C:\Windows\System32\WindowsPowerShell\v1.0\"
      String[9] = "C:\Program Files\Java\jdk1.8.0_191\bin"
      String[10] = "C:\Program Files\Apache\apache-maven-3.6.0\bin"
      String[11] = "C:\Program Files (x86)\Git\cmd"
      String[12] = "C:\Program Files (x86)\Skype\Phone\"
      String[13] = "C:\Program Files\PuTTY\"
      String[14] = "C:\Program Files\nodejs\"
      String[15] = "."
    sys_paths = class java.lang.String[1]
      String[0] = "C:\Program Files\Java\jdk1.8.0_191\jre\bin"
    assertionLock = class com.ibm.ws.classloading.internal.ThreadContextClassLoader@369bfc52
    defaultAssertionStatus = false
    packageAssertionStatus = null
    classAssertionStatus = null
  evtSource = class com.ibm.ws.webcontainer.webapp.WebAppEventSource@135e1637
    _invocationListeners = class com.ibm.ws.webcontainer.util.EventListeners@1adde3b8
      EMPTY_LISTENERS = interface java.util.EventListener[0]
      logger = class com.ibm.ws.logging.internal.WsLogger@3373573a
      CLASS_NAME = "com.ibm.ws.webcontainer.util.EventListeners"
      listeners = interface java.util.EventListener[0]
    _servletListeners = class com.ibm.ws.webcontainer.util.EventListeners@2fc6e926
      EMPTY_LISTENERS = interface java.util.EventListener[0]
      logger = class com.ibm.ws.logging.internal.WsLogger@3373573a
      CLASS_NAME = "com.ibm.ws.webcontainer.util.EventListeners"
      listeners = interface java.util.EventListener[0]
    _errorListeners = class com.ibm.ws.webcontainer.util.EventListeners@6c1c8d6b
      EMPTY_LISTENERS = interface java.util.EventListener[0]
      logger = class com.ibm.ws.logging.internal.WsLogger@3373573a
      CLASS_NAME = "com.ibm.ws.webcontainer.util.EventListeners"
      listeners = interface java.util.EventListener[0]
    _applicationListeners = class com.ibm.ws.webcontainer.util.EventListeners@2c18e225
      EMPTY_LISTENERS = interface java.util.EventListener[0]
      logger = class com.ibm.ws.logging.internal.WsLogger@3373573a
      CLASS_NAME = "com.ibm.ws.webcontainer.util.EventListeners"
      listeners = interface java.util.EventListener[0]
    _filterInvocationListeners = class com.ibm.ws.webcontainer.util.EventListeners@59ad143d
      EMPTY_LISTENERS = interface java.util.EventListener[0]
      logger = class com.ibm.ws.logging.internal.WsLogger@3373573a
      CLASS_NAME = "com.ibm.ws.webcontainer.util.EventListeners"
      listeners = interface java.util.EventListener[0]
    _filterListeners = class com.ibm.ws.webcontainer.util.EventListeners@413a59f7
      EMPTY_LISTENERS = interface java.util.EventListener[0]
      logger = class com.ibm.ws.logging.internal.WsLogger@3373573a
      CLASS_NAME = "com.ibm.ws.webcontainer.util.EventListeners"
      listeners = interface java.util.EventListener[0]
    _filterErrorListeners = class com.ibm.ws.webcontainer.util.EventListeners@49c5e36e
      EMPTY_LISTENERS = interface java.util.EventListener[0]
      logger = class com.ibm.ws.logging.internal.WsLogger@3373573a
      CLASS_NAME = "com.ibm.ws.webcontainer.util.EventListeners"
      listeners = interface java.util.EventListener[0]
  event = class com.ibm.websphere.servlet.event.ServletEvent@564638fe
    serialVersionUID = 3906650803920713522
    _servletName = "jersey-serlvet"
    _servletClassName = "com.sun.jersey.spi.container.servlet.ServletContainer"
    $$$tc$$$ = class com.ibm.websphere.ras.TraceComponent@6e752b46
      strings[0] = "TraceComponent[com.ibm.websphere.servlet.event.ServletEvent,class com.ibm.websphere.servlet.event.ServletEvent,[],null,null]"
    serialVersionUID = 3546927969739289392
    _context = class com.ibm.ws.webcontainer40.facade.ServletContextFacade40@3b0f6f81
    _servletNames = class com.ibm.ws.webcontainer.util.EmptyEnumeration@116cde46
      serialVersionUID = 3546642126931963953
      _instance = class com.ibm.ws.webcontainer.util.EmptyEnumeration@116cde46
    $$$tc$$$ = class com.ibm.websphere.ras.TraceComponent@5b3c5815
      strings[0] = "TraceComponent[com.ibm.websphere.servlet.event.ApplicationEvent,class com.ibm.websphere.servlet.event.ApplicationEvent,[],null,null]"
    serialVersionUID = 5516075349620653480
    source = class com.ibm.ws.webcontainer.osgi.servlet.ServletWrapper@703fb273
  unavailableMessage = null
  unavailableUntil = -1
  isSTM = false
  internalServlet = false
  webAppInvocationCollaborators = null
  platformHelper = class com.ibm.ws.webcontainer.PlatformHelper@3314fbeb
  webAppNameSpaceCollab = class com.ibm.ws.webcontainer.osgi.collaborator.WebAppNameSpaceCollaboratorImpl@6ca28a1c
    cmdai = class com.ibm.ws.threadContext.ComponentMetaDataAccessorImpl@1e02b322
      tc = class com.ibm.websphere.ras.TraceComponent@22746e0c
      cmdai = class com.ibm.ws.threadContext.ComponentMetaDataAccessorImpl@1e02b322
      threadContext = class com.ibm.ws.threadContext.ThreadContextImpl@167341da
      defaultCMD = null
  txCollab = class com.ibm.ws.webcontainer.collaborator.WebAppTransactionCollaborator@f2ec611
    logger = class com.ibm.ws.logging.internal.WsLogger@65514cc9
    CLASS_NAME = "com.ibm.ws.webcontainer.collaborator.WebAppTransactionCollaborator"
  connCollab = class com.ibm.ws.webcontainer.collaborator.ConnectionCollaborator@68488ec2
  suppressServletExceptionLogging = false
  throwExceptionEnum = class java.util.RegularEnumSet@7c17fb83
    serialVersionUID = 3411599620347842686
    elements = 256
    elementType = class java.lang.Class@4aa56e89
      ANNOTATION = 8192
      ENUM = 16384
      SYNTHETIC = 4096
      cachedConstructor = null
      newInstanceCallerCache = null
      name = "com.ibm.wsspi.webcontainer.collaborator.CollaboratorInvocationEnum"
      allPermDomain = class java.security.ProtectionDomain@1040611a
      useCaches = true
      reflectionData = class java.lang.ref.SoftReference@362998c1
      classRedefinedCount = 0
      genericInfo = null
      serialVersionUID = 3206093459760846163
      serialPersistentFields = class java.io.ObjectStreamField[0]
      reflectionFactory = class sun.reflect.ReflectionFactory@20eb6710
      initted = true
      enumConstants = class com.ibm.wsspi.webcontainer.collaborator.CollaboratorInvocationEnum[9]
      enumConstantDirectory = null
      annotationData = null
      annotationType = null
      classValueMap = null
    universe = class com.ibm.wsspi.webcontainer.collaborator.CollaboratorInvocationEnum[9]
      CollaboratorInvocationEnum[0] = class com.ibm.wsspi.webcontainer.collaborator.CollaboratorInvocationEnum@6eab7b51
      CollaboratorInvocationEnum[1] = class com.ibm.wsspi.webcontainer.collaborator.CollaboratorInvocationEnum@69ed78d6
      CollaboratorInvocationEnum[2] = class com.ibm.wsspi.webcontainer.collaborator.CollaboratorInvocationEnum@1447bb58
      CollaboratorInvocationEnum[3] = class com.ibm.wsspi.webcontainer.collaborator.CollaboratorInvocationEnum@347e9986
      CollaboratorInvocationEnum[4] = class com.ibm.wsspi.webcontainer.collaborator.CollaboratorInvocationEnum@13a0dab
      CollaboratorInvocationEnum[5] = class com.ibm.wsspi.webcontainer.collaborator.CollaboratorInvocationEnum@313fe92
      CollaboratorInvocationEnum[6] = class com.ibm.wsspi.webcontainer.collaborator.CollaboratorInvocationEnum@2aa708d3
      CollaboratorInvocationEnum[7] = class com.ibm.wsspi.webcontainer.collaborator.CollaboratorInvocationEnum@6a5506a8
      CollaboratorInvocationEnum[8] = class com.ibm.wsspi.webcontainer.collaborator.CollaboratorInvocationEnum@3b53191c
    ZERO_LENGTH_ENUM_ARRAY = class java.lang.Enum[0]
    MAX_ARRAY_SIZE = 2147483639
  discernUnavailableServlet = false
  reInitServletonInitUnavailableException = true
  destroyServletonServiceUnavailableException = false
  servlet23 = true
  PARAMS_HEAD_TRACE = class java.lang.Class[2]
    Class[0] = class java.lang.Class@4f2d11f7
      ANNOTATION = 8192
      ENUM = 16384
      SYNTHETIC = 4096
      cachedConstructor = null
      newInstanceCallerCache = null
      name = "javax.servlet.http.HttpServletRequest"
      allPermDomain = class java.security.ProtectionDomain@1040611a
      useCaches = true
      reflectionData = class java.lang.ref.SoftReference@c493b8c
      classRedefinedCount = 0
      genericInfo = null
      serialVersionUID = 3206093459760846163
      serialPersistentFields = class java.io.ObjectStreamField[0]
      reflectionFactory = class sun.reflect.ReflectionFactory@20eb6710
      initted = true
      enumConstants = null
      enumConstantDirectory = null
      annotationData = null
      annotationType = null
      classValueMap = null
    Class[1] = class java.lang.Class@f954e81
      ANNOTATION = 8192
      ENUM = 16384
      SYNTHETIC = 4096
      cachedConstructor = null
      newInstanceCallerCache = null
      name = "javax.servlet.http.HttpServletResponse"
      allPermDomain = class java.security.ProtectionDomain@1040611a
      useCaches = true
      reflectionData = class java.lang.ref.SoftReference@45670ff9
      classRedefinedCount = 0
      genericInfo = null
      serialVersionUID = 3206093459760846163
      serialPersistentFields = class java.io.ObjectStreamField[0]
      reflectionFactory = class sun.reflect.ReflectionFactory@20eb6710
      initted = true
      enumConstants = null
      enumConstantDirectory = null
      annotationData = null
      annotationType = null
      classValueMap = null
  defaultHeadMethodInUse = false
  defaultTraceMethodInUse = false
  checkedForDefaultMethods = null
  defaultTraceRequestBehavior = false
  defaultHeadRequestBehavior = false
  useOriginalRequestState = false
  warningStatusSet = false
  LSTRING_FILE = "javax.servlet.LocalStrings"
  lStrings = class java.util.PropertyResourceBundle@7dfa3cbb
    lookup = class java.util.HashMap@1260a115
      serialVersionUID = 362498820763181265
      DEFAULT_INITIAL_CAPACITY = 16
      MAXIMUM_CAPACITY = 1073741824
      DEFAULT_LOAD_FACTOR = 0.75
      TREEIFY_THRESHOLD = 8
      UNTREEIFY_THRESHOLD = 6
      MIN_TREEIFY_CAPACITY = 64
      table = class java.util.HashMap$Node[8]
      entrySet = null
      size = 4
      modCount = 4
      threshold = 6
      loadFactor = 0.75
      keySet = null
      values = null
    INITIAL_CACHE_SIZE = 32
    NONEXISTENT_BUNDLE = class java.util.ResourceBundle$1@51c26d0b
      INITIAL_CACHE_SIZE = 32
      NONEXISTENT_BUNDLE = class java.util.ResourceBundle$1@51c26d0b
      cacheList = class java.util.concurrent.ConcurrentHashMap@44a5c638
      referenceQueue = class java.lang.ref.ReferenceQueue@53dabfb0
      parent = null
      locale = null
      name = null
      expired = false
      cacheKey = class java.util.ResourceBundle$CacheKey@66351339
      keySet = null
      providers = null
      $assertionsDisabled = true
    cacheList = class java.util.concurrent.ConcurrentHashMap@44a5c638
      serialVersionUID = 7249069246763182397
      MAXIMUM_CAPACITY = 1073741824
      DEFAULT_CAPACITY = 16
      MAX_ARRAY_SIZE = 2147483639
      DEFAULT_CONCURRENCY_LEVEL = 16
      LOAD_FACTOR = 0.75
      TREEIFY_THRESHOLD = 8
      UNTREEIFY_THRESHOLD = 6
      MIN_TREEIFY_CAPACITY = 64
      MIN_TRANSFER_STRIDE = 16
      RESIZE_STAMP_BITS = 16
      MAX_RESIZERS = 65535
      RESIZE_STAMP_SHIFT = 16
      MOVED = -1
      TREEBIN = -2
      RESERVED = -3
      HASH_BITS = 2147483647
      NCPU = 8
      serialPersistentFields = class java.io.ObjectStreamField[3]
      table = class java.util.concurrent.ConcurrentHashMap$Node[256]
      nextTable = null
      baseCount = 99
      sizeCtl = 192
      transferIndex = 0
      cellsBusy = 0
      counterCells = null
      keySet = null
      values = null
      entrySet = null
      U = class sun.misc.Unsafe@3ce615d9
      SIZECTL = 20
      TRANSFERINDEX = 32
      BASECOUNT = 24
      CELLSBUSY = 36
      CELLVALUE = 144
      ABASE = 16
      ASHIFT = 2
      keySet = null
      values = null
    referenceQueue = class java.lang.ref.ReferenceQueue@53dabfb0
      NULL = class java.lang.ref.ReferenceQueue$Null@7be22302
      ENQUEUED = class java.lang.ref.ReferenceQueue$Null@31de2fd6
      lock = class java.lang.ref.ReferenceQueue$Lock@565e5775
      head = null
      queueLength = 0
      $assertionsDisabled = true
    parent = null
    locale = class java.util.Locale@2295c268
      LOCALECACHE = class java.util.Locale$Cache@6c1c3d77
      ENGLISH = class java.util.Locale@5a5d685f
      FRENCH = class java.util.Locale@27e1272
      GERMAN = class java.util.Locale@76c19af0
      ITALIAN = class java.util.Locale@7b3be6da
      JAPANESE = class java.util.Locale@4a956672
      KOREAN = class java.util.Locale@388a10d0
      CHINESE = class java.util.Locale@42e61b2b
      SIMPLIFIED_CHINESE = class java.util.Locale@664f289b
      TRADITIONAL_CHINESE = class java.util.Locale@78864d6
      FRANCE = class java.util.Locale@6fece867
      GERMANY = class java.util.Locale@1da189f2
      ITALY = class java.util.Locale@235612d
      JAPAN = class java.util.Locale@465f1b69
      KOREA = class java.util.Locale@4e787c15
      CHINA = class java.util.Locale@664f289b
      PRC = class java.util.Locale@664f289b
      TAIWAN = class java.util.Locale@78864d6
      UK = class java.util.Locale@5f078231
      US = class java.util.Locale@10309718
      CANADA = class java.util.Locale@7692acf5
      CANADA_FRENCH = class java.util.Locale@4828751d
      ROOT = class java.util.Locale@2295c268
      PRIVATE_USE_EXTENSION = x
      UNICODE_LOCALE_EXTENSION = u
      serialVersionUID = 9149081749638150636
      DISPLAY_LANGUAGE = 0
      DISPLAY_COUNTRY = 1
      DISPLAY_VARIANT = 2
      DISPLAY_SCRIPT = 3
      baseLocale = class sun.util.locale.BaseLocale@27a8878a
      localeExtensions = null
      hashCodeValue = 0
      defaultLocale = class java.util.Locale@10309718
      defaultDisplayLocale = null
      defaultFormatLocale = class java.util.Locale@10309718
      languageTag = null
      serialPersistentFields = class java.io.ObjectStreamField[6]
      isoLanguages = null
      isoCountries = null
      $assertionsDisabled = true
    name = "javax.servlet.LocalStrings"
    expired = false
    cacheKey = class java.util.ResourceBundle$CacheKey@607d4904
      name = "javax.servlet.LocalStrings"
      locale = class java.util.Locale@2295c268
      loaderRef = class java.util.ResourceBundle$LoaderReference@715937e7
      format = "java.properties"
      loadTime = 0
      expirationTime = -2
      cause = null
      hashCodeCache = -1008177032
    keySet = null
    providers = null
    $assertionsDisabled = true
  config = null

